[2021-04-14 04:14:24] local.ERROR: Command "create" is not defined. {"exception":"[object] (Symfony\\Component\\Console\\Exception\\CommandNotFoundException(code: 0): Command \"create\" is not defined. at C:\\Projects\\MRJG\\mrjg_admin_backend\\vendor\\symfony\\console\\Application.php:675)
[stacktrace]
#0 C:\\Projects\\MRJG\\mrjg_admin_backend\\vendor\\symfony\\console\\Application.php(254): Symfony\\Component\\Console\\Application->find('create')
#1 C:\\Projects\\MRJG\\mrjg_admin_backend\\vendor\\symfony\\console\\Application.php(166): Symfony\\Component\\Console\\Application->doRun(Object(Symfony\\Component\\Console\\Input\\ArgvInput), Object(Symfony\\Component\\Console\\Output\\ConsoleOutput))
#2 C:\\Projects\\MRJG\\mrjg_admin_backend\\vendor\\illuminate\\console\\Application.php(92): Symfony\\Component\\Console\\Application->run(Object(Symfony\\Component\\Console\\Input\\ArgvInput), Object(Symfony\\Component\\Console\\Output\\ConsoleOutput))
#3 C:\\Projects\\MRJG\\mrjg_admin_backend\\vendor\\laravel\\lumen-framework\\src\\Console\\Kernel.php(116): Illuminate\\Console\\Application->run(Object(Symfony\\Component\\Console\\Input\\ArgvInput), Object(Symfony\\Component\\Console\\Output\\ConsoleOutput))
#4 C:\\Projects\\MRJG\\mrjg_admin_backend\\artisan(35): Laravel\\Lumen\\Console\\Kernel->handle(Object(Symfony\\Component\\Console\\Input\\ArgvInput), Object(Symfony\\Component\\Console\\Output\\ConsoleOutput))
#5 {main}
"} 
[2021-04-14 04:14:32] local.ERROR: Command "make" is not defined.

Did you mean one of these?
    make:migration
    make:seeder {"exception":"[object] (Symfony\\Component\\Console\\Exception\\CommandNotFoundException(code: 0): Command \"make\" is not defined.

Did you mean one of these?
    make:migration
    make:seeder at C:\\Projects\\MRJG\\mrjg_admin_backend\\vendor\\symfony\\console\\Application.php:675)
[stacktrace]
#0 C:\\Projects\\MRJG\\mrjg_admin_backend\\vendor\\symfony\\console\\Application.php(254): Symfony\\Component\\Console\\Application->find('make')
#1 C:\\Projects\\MRJG\\mrjg_admin_backend\\vendor\\symfony\\console\\Application.php(166): Symfony\\Component\\Console\\Application->doRun(Object(Symfony\\Component\\Console\\Input\\ArgvInput), Object(Symfony\\Component\\Console\\Output\\ConsoleOutput))
#2 C:\\Projects\\MRJG\\mrjg_admin_backend\\vendor\\illuminate\\console\\Application.php(92): Symfony\\Component\\Console\\Application->run(Object(Symfony\\Component\\Console\\Input\\ArgvInput), Object(Symfony\\Component\\Console\\Output\\ConsoleOutput))
#3 C:\\Projects\\MRJG\\mrjg_admin_backend\\vendor\\laravel\\lumen-framework\\src\\Console\\Kernel.php(116): Illuminate\\Console\\Application->run(Object(Symfony\\Component\\Console\\Input\\ArgvInput), Object(Symfony\\Component\\Console\\Output\\ConsoleOutput))
#4 C:\\Projects\\MRJG\\mrjg_admin_backend\\artisan(35): Laravel\\Lumen\\Console\\Kernel->handle(Object(Symfony\\Component\\Console\\Input\\ArgvInput), Object(Symfony\\Component\\Console\\Output\\ConsoleOutput))
#5 {main}
"} 
[2021-04-14 04:15:41] local.ERROR: Command "make:migrtation" is not defined.

Did you mean one of these?
    make:migration
    make:seeder {"exception":"[object] (Symfony\\Component\\Console\\Exception\\CommandNotFoundException(code: 0): Command \"make:migrtation\" is not defined.

Did you mean one of these?
    make:migration
    make:seeder at C:\\Projects\\MRJG\\mrjg_admin_backend\\vendor\\symfony\\console\\Application.php:675)
[stacktrace]
#0 C:\\Projects\\MRJG\\mrjg_admin_backend\\vendor\\symfony\\console\\Application.php(254): Symfony\\Component\\Console\\Application->find('make:migrtation')
#1 C:\\Projects\\MRJG\\mrjg_admin_backend\\vendor\\symfony\\console\\Application.php(166): Symfony\\Component\\Console\\Application->doRun(Object(Symfony\\Component\\Console\\Input\\ArgvInput), Object(Symfony\\Component\\Console\\Output\\ConsoleOutput))
#2 C:\\Projects\\MRJG\\mrjg_admin_backend\\vendor\\illuminate\\console\\Application.php(92): Symfony\\Component\\Console\\Application->run(Object(Symfony\\Component\\Console\\Input\\ArgvInput), Object(Symfony\\Component\\Console\\Output\\ConsoleOutput))
#3 C:\\Projects\\MRJG\\mrjg_admin_backend\\vendor\\laravel\\lumen-framework\\src\\Console\\Kernel.php(116): Illuminate\\Console\\Application->run(Object(Symfony\\Component\\Console\\Input\\ArgvInput), Object(Symfony\\Component\\Console\\Output\\ConsoleOutput))
#4 C:\\Projects\\MRJG\\mrjg_admin_backend\\artisan(35): Laravel\\Lumen\\Console\\Kernel->handle(Object(Symfony\\Component\\Console\\Input\\ArgvInput), Object(Symfony\\Component\\Console\\Output\\ConsoleOutput))
#5 {main}
"} 
[2021-04-14 04:43:14] local.ERROR: SQLSTATE[HY000]: General error: 1005 Can't create table `mrjg_admin`.`teachers` (errno: 150 "Foreign key constraint is incorrectly formed") (SQL: alter table `teachers` add constraint `teachers_person_id_foreign` foreign key (`person_id`) references `people` (`id`)) {"exception":"[object] (Illuminate\\Database\\QueryException(code: HY000): SQLSTATE[HY000]: General error: 1005 Can't create table `mrjg_admin`.`teachers` (errno: 150 \"Foreign key constraint is incorrectly formed\") (SQL: alter table `teachers` add constraint `teachers_person_id_foreign` foreign key (`person_id`) references `people` (`id`)) at C:\\Projects\\MRJG\\mrjg_admin_backend\\vendor\\illuminate\\database\\Connection.php:678)
[stacktrace]
#0 C:\\Projects\\MRJG\\mrjg_admin_backend\\vendor\\illuminate\\database\\Connection.php(638): Illuminate\\Database\\Connection->runQueryCallback('alter table `te...', Array, Object(Closure))
#1 C:\\Projects\\MRJG\\mrjg_admin_backend\\vendor\\illuminate\\database\\Connection.php(472): Illuminate\\Database\\Connection->run('alter table `te...', Array, Object(Closure))
#2 C:\\Projects\\MRJG\\mrjg_admin_backend\\vendor\\illuminate\\database\\Schema\\Blueprint.php(109): Illuminate\\Database\\Connection->statement('alter table `te...')
#3 C:\\Projects\\MRJG\\mrjg_admin_backend\\vendor\\illuminate\\database\\Schema\\Builder.php(359): Illuminate\\Database\\Schema\\Blueprint->build(Object(Illuminate\\Database\\MySqlConnection), Object(Illuminate\\Database\\Schema\\Grammars\\MySqlGrammar))
#4 C:\\Projects\\MRJG\\mrjg_admin_backend\\vendor\\illuminate\\database\\Schema\\Builder.php(222): Illuminate\\Database\\Schema\\Builder->build(Object(Illuminate\\Database\\Schema\\Blueprint))
#5 C:\\Projects\\MRJG\\mrjg_admin_backend\\vendor\\illuminate\\support\\Facades\\Facade.php(261): Illuminate\\Database\\Schema\\Builder->create('teachers', Object(Closure))
#6 C:\\Projects\\MRJG\\mrjg_admin_backend\\database\\migrations\\2021_04_14_043251_teachers.php(21): Illuminate\\Support\\Facades\\Facade::__callStatic('create', Array)
#7 C:\\Projects\\MRJG\\mrjg_admin_backend\\vendor\\illuminate\\database\\Migrations\\Migrator.php(392): Teachers->up()
#8 C:\\Projects\\MRJG\\mrjg_admin_backend\\vendor\\illuminate\\database\\Migrations\\Migrator.php(401): Illuminate\\Database\\Migrations\\Migrator->Illuminate\\Database\\Migrations\\{closure}()
#9 C:\\Projects\\MRJG\\mrjg_admin_backend\\vendor\\illuminate\\database\\Migrations\\Migrator.php(200): Illuminate\\Database\\Migrations\\Migrator->runMigration(Object(Teachers), 'up')
#10 C:\\Projects\\MRJG\\mrjg_admin_backend\\vendor\\illuminate\\database\\Migrations\\Migrator.php(165): Illuminate\\Database\\Migrations\\Migrator->runUp('C:\\\\Projects\\\\MRJ...', 1, false)
#11 C:\\Projects\\MRJG\\mrjg_admin_backend\\vendor\\illuminate\\database\\Migrations\\Migrator.php(110): Illuminate\\Database\\Migrations\\Migrator->runPending(Array, Array)
#12 C:\\Projects\\MRJG\\mrjg_admin_backend\\vendor\\illuminate\\database\\Console\\Migrations\\MigrateCommand.php(85): Illuminate\\Database\\Migrations\\Migrator->run(Array, Array)
#13 C:\\Projects\\MRJG\\mrjg_admin_backend\\vendor\\illuminate\\database\\Migrations\\Migrator.php(541): Illuminate\\Database\\Console\\Migrations\\MigrateCommand->Illuminate\\Database\\Console\\Migrations\\{closure}()
#14 C:\\Projects\\MRJG\\mrjg_admin_backend\\vendor\\illuminate\\database\\Console\\Migrations\\MigrateCommand.php(94): Illuminate\\Database\\Migrations\\Migrator->usingConnection(NULL, Object(Closure))
#15 C:\\Projects\\MRJG\\mrjg_admin_backend\\vendor\\illuminate\\container\\BoundMethod.php(36): Illuminate\\Database\\Console\\Migrations\\MigrateCommand->handle()
#16 C:\\Projects\\MRJG\\mrjg_admin_backend\\vendor\\illuminate\\container\\Util.php(40): Illuminate\\Container\\BoundMethod::Illuminate\\Container\\{closure}()
#17 C:\\Projects\\MRJG\\mrjg_admin_backend\\vendor\\illuminate\\container\\BoundMethod.php(93): Illuminate\\Container\\Util::unwrapIfClosure(Object(Closure))
#18 C:\\Projects\\MRJG\\mrjg_admin_backend\\vendor\\illuminate\\container\\BoundMethod.php(37): Illuminate\\Container\\BoundMethod::callBoundMethod(Object(Laravel\\Lumen\\Application), Array, Object(Closure))
#19 C:\\Projects\\MRJG\\mrjg_admin_backend\\vendor\\illuminate\\container\\Container.php(611): Illuminate\\Container\\BoundMethod::call(Object(Laravel\\Lumen\\Application), Array, Array, NULL)
#20 C:\\Projects\\MRJG\\mrjg_admin_backend\\vendor\\illuminate\\console\\Command.php(136): Illuminate\\Container\\Container->call(Array)
#21 C:\\Projects\\MRJG\\mrjg_admin_backend\\vendor\\symfony\\console\\Command\\Command.php(256): Illuminate\\Console\\Command->execute(Object(Symfony\\Component\\Console\\Input\\ArgvInput), Object(Illuminate\\Console\\OutputStyle))
#22 C:\\Projects\\MRJG\\mrjg_admin_backend\\vendor\\illuminate\\console\\Command.php(121): Symfony\\Component\\Console\\Command\\Command->run(Object(Symfony\\Component\\Console\\Input\\ArgvInput), Object(Illuminate\\Console\\OutputStyle))
#23 C:\\Projects\\MRJG\\mrjg_admin_backend\\vendor\\symfony\\console\\Application.php(971): Illuminate\\Console\\Command->run(Object(Symfony\\Component\\Console\\Input\\ArgvInput), Object(Symfony\\Component\\Console\\Output\\ConsoleOutput))
#24 C:\\Projects\\MRJG\\mrjg_admin_backend\\vendor\\symfony\\console\\Application.php(290): Symfony\\Component\\Console\\Application->doRunCommand(Object(Illuminate\\Database\\Console\\Migrations\\MigrateCommand), Object(Symfony\\Component\\Console\\Input\\ArgvInput), Object(Symfony\\Component\\Console\\Output\\ConsoleOutput))
#25 C:\\Projects\\MRJG\\mrjg_admin_backend\\vendor\\symfony\\console\\Application.php(166): Symfony\\Component\\Console\\Application->doRun(Object(Symfony\\Component\\Console\\Input\\ArgvInput), Object(Symfony\\Component\\Console\\Output\\ConsoleOutput))
#26 C:\\Projects\\MRJG\\mrjg_admin_backend\\vendor\\illuminate\\console\\Application.php(92): Symfony\\Component\\Console\\Application->run(Object(Symfony\\Component\\Console\\Input\\ArgvInput), Object(Symfony\\Component\\Console\\Output\\ConsoleOutput))
#27 C:\\Projects\\MRJG\\mrjg_admin_backend\\vendor\\laravel\\lumen-framework\\src\\Console\\Kernel.php(116): Illuminate\\Console\\Application->run(Object(Symfony\\Component\\Console\\Input\\ArgvInput), Object(Symfony\\Component\\Console\\Output\\ConsoleOutput))
#28 C:\\Projects\\MRJG\\mrjg_admin_backend\\artisan(35): Laravel\\Lumen\\Console\\Kernel->handle(Object(Symfony\\Component\\Console\\Input\\ArgvInput), Object(Symfony\\Component\\Console\\Output\\ConsoleOutput))
#29 {main}

[previous exception] [object] (PDOException(code: HY000): SQLSTATE[HY000]: General error: 1005 Can't create table `mrjg_admin`.`teachers` (errno: 150 \"Foreign key constraint is incorrectly formed\") at C:\\Projects\\MRJG\\mrjg_admin_backend\\vendor\\illuminate\\database\\Connection.php:471)
[stacktrace]
#0 C:\\Projects\\MRJG\\mrjg_admin_backend\\vendor\\illuminate\\database\\Connection.php(471): PDOStatement->execute()
#1 C:\\Projects\\MRJG\\mrjg_admin_backend\\vendor\\illuminate\\database\\Connection.php(671): Illuminate\\Database\\Connection->Illuminate\\Database\\{closure}('alter table `te...', Array)
#2 C:\\Projects\\MRJG\\mrjg_admin_backend\\vendor\\illuminate\\database\\Connection.php(638): Illuminate\\Database\\Connection->runQueryCallback('alter table `te...', Array, Object(Closure))
#3 C:\\Projects\\MRJG\\mrjg_admin_backend\\vendor\\illuminate\\database\\Connection.php(472): Illuminate\\Database\\Connection->run('alter table `te...', Array, Object(Closure))
#4 C:\\Projects\\MRJG\\mrjg_admin_backend\\vendor\\illuminate\\database\\Schema\\Blueprint.php(109): Illuminate\\Database\\Connection->statement('alter table `te...')
#5 C:\\Projects\\MRJG\\mrjg_admin_backend\\vendor\\illuminate\\database\\Schema\\Builder.php(359): Illuminate\\Database\\Schema\\Blueprint->build(Object(Illuminate\\Database\\MySqlConnection), Object(Illuminate\\Database\\Schema\\Grammars\\MySqlGrammar))
#6 C:\\Projects\\MRJG\\mrjg_admin_backend\\vendor\\illuminate\\database\\Schema\\Builder.php(222): Illuminate\\Database\\Schema\\Builder->build(Object(Illuminate\\Database\\Schema\\Blueprint))
#7 C:\\Projects\\MRJG\\mrjg_admin_backend\\vendor\\illuminate\\support\\Facades\\Facade.php(261): Illuminate\\Database\\Schema\\Builder->create('teachers', Object(Closure))
#8 C:\\Projects\\MRJG\\mrjg_admin_backend\\database\\migrations\\2021_04_14_043251_teachers.php(21): Illuminate\\Support\\Facades\\Facade::__callStatic('create', Array)
#9 C:\\Projects\\MRJG\\mrjg_admin_backend\\vendor\\illuminate\\database\\Migrations\\Migrator.php(392): Teachers->up()
#10 C:\\Projects\\MRJG\\mrjg_admin_backend\\vendor\\illuminate\\database\\Migrations\\Migrator.php(401): Illuminate\\Database\\Migrations\\Migrator->Illuminate\\Database\\Migrations\\{closure}()
#11 C:\\Projects\\MRJG\\mrjg_admin_backend\\vendor\\illuminate\\database\\Migrations\\Migrator.php(200): Illuminate\\Database\\Migrations\\Migrator->runMigration(Object(Teachers), 'up')
#12 C:\\Projects\\MRJG\\mrjg_admin_backend\\vendor\\illuminate\\database\\Migrations\\Migrator.php(165): Illuminate\\Database\\Migrations\\Migrator->runUp('C:\\\\Projects\\\\MRJ...', 1, false)
#13 C:\\Projects\\MRJG\\mrjg_admin_backend\\vendor\\illuminate\\database\\Migrations\\Migrator.php(110): Illuminate\\Database\\Migrations\\Migrator->runPending(Array, Array)
#14 C:\\Projects\\MRJG\\mrjg_admin_backend\\vendor\\illuminate\\database\\Console\\Migrations\\MigrateCommand.php(85): Illuminate\\Database\\Migrations\\Migrator->run(Array, Array)
#15 C:\\Projects\\MRJG\\mrjg_admin_backend\\vendor\\illuminate\\database\\Migrations\\Migrator.php(541): Illuminate\\Database\\Console\\Migrations\\MigrateCommand->Illuminate\\Database\\Console\\Migrations\\{closure}()
#16 C:\\Projects\\MRJG\\mrjg_admin_backend\\vendor\\illuminate\\database\\Console\\Migrations\\MigrateCommand.php(94): Illuminate\\Database\\Migrations\\Migrator->usingConnection(NULL, Object(Closure))
#17 C:\\Projects\\MRJG\\mrjg_admin_backend\\vendor\\illuminate\\container\\BoundMethod.php(36): Illuminate\\Database\\Console\\Migrations\\MigrateCommand->handle()
#18 C:\\Projects\\MRJG\\mrjg_admin_backend\\vendor\\illuminate\\container\\Util.php(40): Illuminate\\Container\\BoundMethod::Illuminate\\Container\\{closure}()
#19 C:\\Projects\\MRJG\\mrjg_admin_backend\\vendor\\illuminate\\container\\BoundMethod.php(93): Illuminate\\Container\\Util::unwrapIfClosure(Object(Closure))
#20 C:\\Projects\\MRJG\\mrjg_admin_backend\\vendor\\illuminate\\container\\BoundMethod.php(37): Illuminate\\Container\\BoundMethod::callBoundMethod(Object(Laravel\\Lumen\\Application), Array, Object(Closure))
#21 C:\\Projects\\MRJG\\mrjg_admin_backend\\vendor\\illuminate\\container\\Container.php(611): Illuminate\\Container\\BoundMethod::call(Object(Laravel\\Lumen\\Application), Array, Array, NULL)
#22 C:\\Projects\\MRJG\\mrjg_admin_backend\\vendor\\illuminate\\console\\Command.php(136): Illuminate\\Container\\Container->call(Array)
#23 C:\\Projects\\MRJG\\mrjg_admin_backend\\vendor\\symfony\\console\\Command\\Command.php(256): Illuminate\\Console\\Command->execute(Object(Symfony\\Component\\Console\\Input\\ArgvInput), Object(Illuminate\\Console\\OutputStyle))
#24 C:\\Projects\\MRJG\\mrjg_admin_backend\\vendor\\illuminate\\console\\Command.php(121): Symfony\\Component\\Console\\Command\\Command->run(Object(Symfony\\Component\\Console\\Input\\ArgvInput), Object(Illuminate\\Console\\OutputStyle))
#25 C:\\Projects\\MRJG\\mrjg_admin_backend\\vendor\\symfony\\console\\Application.php(971): Illuminate\\Console\\Command->run(Object(Symfony\\Component\\Console\\Input\\ArgvInput), Object(Symfony\\Component\\Console\\Output\\ConsoleOutput))
#26 C:\\Projects\\MRJG\\mrjg_admin_backend\\vendor\\symfony\\console\\Application.php(290): Symfony\\Component\\Console\\Application->doRunCommand(Object(Illuminate\\Database\\Console\\Migrations\\MigrateCommand), Object(Symfony\\Component\\Console\\Input\\ArgvInput), Object(Symfony\\Component\\Console\\Output\\ConsoleOutput))
#27 C:\\Projects\\MRJG\\mrjg_admin_backend\\vendor\\symfony\\console\\Application.php(166): Symfony\\Component\\Console\\Application->doRun(Object(Symfony\\Component\\Console\\Input\\ArgvInput), Object(Symfony\\Component\\Console\\Output\\ConsoleOutput))
#28 C:\\Projects\\MRJG\\mrjg_admin_backend\\vendor\\illuminate\\console\\Application.php(92): Symfony\\Component\\Console\\Application->run(Object(Symfony\\Component\\Console\\Input\\ArgvInput), Object(Symfony\\Component\\Console\\Output\\ConsoleOutput))
#29 C:\\Projects\\MRJG\\mrjg_admin_backend\\vendor\\laravel\\lumen-framework\\src\\Console\\Kernel.php(116): Illuminate\\Console\\Application->run(Object(Symfony\\Component\\Console\\Input\\ArgvInput), Object(Symfony\\Component\\Console\\Output\\ConsoleOutput))
#30 C:\\Projects\\MRJG\\mrjg_admin_backend\\artisan(35): Laravel\\Lumen\\Console\\Kernel->handle(Object(Symfony\\Component\\Console\\Input\\ArgvInput), Object(Symfony\\Component\\Console\\Output\\ConsoleOutput))
#31 {main}
"} 
[2021-04-14 04:47:34] local.ERROR: SQLSTATE[42S01]: Base table or view already exists: 1050 Table 'teachers' already exists (SQL: create table `teachers` (`id` bigint unsigned not null auto_increment primary key, `person_id` int unsigned not null) default character set utf8mb4 collate 'utf8mb4_unicode_ci') {"exception":"[object] (Illuminate\\Database\\QueryException(code: 42S01): SQLSTATE[42S01]: Base table or view already exists: 1050 Table 'teachers' already exists (SQL: create table `teachers` (`id` bigint unsigned not null auto_increment primary key, `person_id` int unsigned not null) default character set utf8mb4 collate 'utf8mb4_unicode_ci') at C:\\Projects\\MRJG\\mrjg_admin_backend\\vendor\\illuminate\\database\\Connection.php:678)
[stacktrace]
#0 C:\\Projects\\MRJG\\mrjg_admin_backend\\vendor\\illuminate\\database\\Connection.php(638): Illuminate\\Database\\Connection->runQueryCallback('create table `t...', Array, Object(Closure))
#1 C:\\Projects\\MRJG\\mrjg_admin_backend\\vendor\\illuminate\\database\\Connection.php(472): Illuminate\\Database\\Connection->run('create table `t...', Array, Object(Closure))
#2 C:\\Projects\\MRJG\\mrjg_admin_backend\\vendor\\illuminate\\database\\Schema\\Blueprint.php(109): Illuminate\\Database\\Connection->statement('create table `t...')
#3 C:\\Projects\\MRJG\\mrjg_admin_backend\\vendor\\illuminate\\database\\Schema\\Builder.php(359): Illuminate\\Database\\Schema\\Blueprint->build(Object(Illuminate\\Database\\MySqlConnection), Object(Illuminate\\Database\\Schema\\Grammars\\MySqlGrammar))
#4 C:\\Projects\\MRJG\\mrjg_admin_backend\\vendor\\illuminate\\database\\Schema\\Builder.php(222): Illuminate\\Database\\Schema\\Builder->build(Object(Illuminate\\Database\\Schema\\Blueprint))
#5 C:\\Projects\\MRJG\\mrjg_admin_backend\\vendor\\illuminate\\support\\Facades\\Facade.php(261): Illuminate\\Database\\Schema\\Builder->create('teachers', Object(Closure))
#6 C:\\Projects\\MRJG\\mrjg_admin_backend\\database\\migrations\\2021_04_14_043251_teachers.php(21): Illuminate\\Support\\Facades\\Facade::__callStatic('create', Array)
#7 C:\\Projects\\MRJG\\mrjg_admin_backend\\vendor\\illuminate\\database\\Migrations\\Migrator.php(392): Teachers->up()
#8 C:\\Projects\\MRJG\\mrjg_admin_backend\\vendor\\illuminate\\database\\Migrations\\Migrator.php(401): Illuminate\\Database\\Migrations\\Migrator->Illuminate\\Database\\Migrations\\{closure}()
#9 C:\\Projects\\MRJG\\mrjg_admin_backend\\vendor\\illuminate\\database\\Migrations\\Migrator.php(200): Illuminate\\Database\\Migrations\\Migrator->runMigration(Object(Teachers), 'up')
#10 C:\\Projects\\MRJG\\mrjg_admin_backend\\vendor\\illuminate\\database\\Migrations\\Migrator.php(165): Illuminate\\Database\\Migrations\\Migrator->runUp('C:\\\\Projects\\\\MRJ...', 1, false)
#11 C:\\Projects\\MRJG\\mrjg_admin_backend\\vendor\\illuminate\\database\\Migrations\\Migrator.php(110): Illuminate\\Database\\Migrations\\Migrator->runPending(Array, Array)
#12 C:\\Projects\\MRJG\\mrjg_admin_backend\\vendor\\illuminate\\database\\Console\\Migrations\\MigrateCommand.php(85): Illuminate\\Database\\Migrations\\Migrator->run(Array, Array)
#13 C:\\Projects\\MRJG\\mrjg_admin_backend\\vendor\\illuminate\\database\\Migrations\\Migrator.php(541): Illuminate\\Database\\Console\\Migrations\\MigrateCommand->Illuminate\\Database\\Console\\Migrations\\{closure}()
#14 C:\\Projects\\MRJG\\mrjg_admin_backend\\vendor\\illuminate\\database\\Console\\Migrations\\MigrateCommand.php(94): Illuminate\\Database\\Migrations\\Migrator->usingConnection(NULL, Object(Closure))
#15 C:\\Projects\\MRJG\\mrjg_admin_backend\\vendor\\illuminate\\container\\BoundMethod.php(36): Illuminate\\Database\\Console\\Migrations\\MigrateCommand->handle()
#16 C:\\Projects\\MRJG\\mrjg_admin_backend\\vendor\\illuminate\\container\\Util.php(40): Illuminate\\Container\\BoundMethod::Illuminate\\Container\\{closure}()
#17 C:\\Projects\\MRJG\\mrjg_admin_backend\\vendor\\illuminate\\container\\BoundMethod.php(93): Illuminate\\Container\\Util::unwrapIfClosure(Object(Closure))
#18 C:\\Projects\\MRJG\\mrjg_admin_backend\\vendor\\illuminate\\container\\BoundMethod.php(37): Illuminate\\Container\\BoundMethod::callBoundMethod(Object(Laravel\\Lumen\\Application), Array, Object(Closure))
#19 C:\\Projects\\MRJG\\mrjg_admin_backend\\vendor\\illuminate\\container\\Container.php(611): Illuminate\\Container\\BoundMethod::call(Object(Laravel\\Lumen\\Application), Array, Array, NULL)
#20 C:\\Projects\\MRJG\\mrjg_admin_backend\\vendor\\illuminate\\console\\Command.php(136): Illuminate\\Container\\Container->call(Array)
#21 C:\\Projects\\MRJG\\mrjg_admin_backend\\vendor\\symfony\\console\\Command\\Command.php(256): Illuminate\\Console\\Command->execute(Object(Symfony\\Component\\Console\\Input\\ArgvInput), Object(Illuminate\\Console\\OutputStyle))
#22 C:\\Projects\\MRJG\\mrjg_admin_backend\\vendor\\illuminate\\console\\Command.php(121): Symfony\\Component\\Console\\Command\\Command->run(Object(Symfony\\Component\\Console\\Input\\ArgvInput), Object(Illuminate\\Console\\OutputStyle))
#23 C:\\Projects\\MRJG\\mrjg_admin_backend\\vendor\\symfony\\console\\Application.php(971): Illuminate\\Console\\Command->run(Object(Symfony\\Component\\Console\\Input\\ArgvInput), Object(Symfony\\Component\\Console\\Output\\ConsoleOutput))
#24 C:\\Projects\\MRJG\\mrjg_admin_backend\\vendor\\symfony\\console\\Application.php(290): Symfony\\Component\\Console\\Application->doRunCommand(Object(Illuminate\\Database\\Console\\Migrations\\MigrateCommand), Object(Symfony\\Component\\Console\\Input\\ArgvInput), Object(Symfony\\Component\\Console\\Output\\ConsoleOutput))
#25 C:\\Projects\\MRJG\\mrjg_admin_backend\\vendor\\symfony\\console\\Application.php(166): Symfony\\Component\\Console\\Application->doRun(Object(Symfony\\Component\\Console\\Input\\ArgvInput), Object(Symfony\\Component\\Console\\Output\\ConsoleOutput))
#26 C:\\Projects\\MRJG\\mrjg_admin_backend\\vendor\\illuminate\\console\\Application.php(92): Symfony\\Component\\Console\\Application->run(Object(Symfony\\Component\\Console\\Input\\ArgvInput), Object(Symfony\\Component\\Console\\Output\\ConsoleOutput))
#27 C:\\Projects\\MRJG\\mrjg_admin_backend\\vendor\\laravel\\lumen-framework\\src\\Console\\Kernel.php(116): Illuminate\\Console\\Application->run(Object(Symfony\\Component\\Console\\Input\\ArgvInput), Object(Symfony\\Component\\Console\\Output\\ConsoleOutput))
#28 C:\\Projects\\MRJG\\mrjg_admin_backend\\artisan(35): Laravel\\Lumen\\Console\\Kernel->handle(Object(Symfony\\Component\\Console\\Input\\ArgvInput), Object(Symfony\\Component\\Console\\Output\\ConsoleOutput))
#29 {main}

[previous exception] [object] (PDOException(code: 42S01): SQLSTATE[42S01]: Base table or view already exists: 1050 Table 'teachers' already exists at C:\\Projects\\MRJG\\mrjg_admin_backend\\vendor\\illuminate\\database\\Connection.php:471)
[stacktrace]
#0 C:\\Projects\\MRJG\\mrjg_admin_backend\\vendor\\illuminate\\database\\Connection.php(471): PDOStatement->execute()
#1 C:\\Projects\\MRJG\\mrjg_admin_backend\\vendor\\illuminate\\database\\Connection.php(671): Illuminate\\Database\\Connection->Illuminate\\Database\\{closure}('create table `t...', Array)
#2 C:\\Projects\\MRJG\\mrjg_admin_backend\\vendor\\illuminate\\database\\Connection.php(638): Illuminate\\Database\\Connection->runQueryCallback('create table `t...', Array, Object(Closure))
#3 C:\\Projects\\MRJG\\mrjg_admin_backend\\vendor\\illuminate\\database\\Connection.php(472): Illuminate\\Database\\Connection->run('create table `t...', Array, Object(Closure))
#4 C:\\Projects\\MRJG\\mrjg_admin_backend\\vendor\\illuminate\\database\\Schema\\Blueprint.php(109): Illuminate\\Database\\Connection->statement('create table `t...')
#5 C:\\Projects\\MRJG\\mrjg_admin_backend\\vendor\\illuminate\\database\\Schema\\Builder.php(359): Illuminate\\Database\\Schema\\Blueprint->build(Object(Illuminate\\Database\\MySqlConnection), Object(Illuminate\\Database\\Schema\\Grammars\\MySqlGrammar))
#6 C:\\Projects\\MRJG\\mrjg_admin_backend\\vendor\\illuminate\\database\\Schema\\Builder.php(222): Illuminate\\Database\\Schema\\Builder->build(Object(Illuminate\\Database\\Schema\\Blueprint))
#7 C:\\Projects\\MRJG\\mrjg_admin_backend\\vendor\\illuminate\\support\\Facades\\Facade.php(261): Illuminate\\Database\\Schema\\Builder->create('teachers', Object(Closure))
#8 C:\\Projects\\MRJG\\mrjg_admin_backend\\database\\migrations\\2021_04_14_043251_teachers.php(21): Illuminate\\Support\\Facades\\Facade::__callStatic('create', Array)
#9 C:\\Projects\\MRJG\\mrjg_admin_backend\\vendor\\illuminate\\database\\Migrations\\Migrator.php(392): Teachers->up()
#10 C:\\Projects\\MRJG\\mrjg_admin_backend\\vendor\\illuminate\\database\\Migrations\\Migrator.php(401): Illuminate\\Database\\Migrations\\Migrator->Illuminate\\Database\\Migrations\\{closure}()
#11 C:\\Projects\\MRJG\\mrjg_admin_backend\\vendor\\illuminate\\database\\Migrations\\Migrator.php(200): Illuminate\\Database\\Migrations\\Migrator->runMigration(Object(Teachers), 'up')
#12 C:\\Projects\\MRJG\\mrjg_admin_backend\\vendor\\illuminate\\database\\Migrations\\Migrator.php(165): Illuminate\\Database\\Migrations\\Migrator->runUp('C:\\\\Projects\\\\MRJ...', 1, false)
#13 C:\\Projects\\MRJG\\mrjg_admin_backend\\vendor\\illuminate\\database\\Migrations\\Migrator.php(110): Illuminate\\Database\\Migrations\\Migrator->runPending(Array, Array)
#14 C:\\Projects\\MRJG\\mrjg_admin_backend\\vendor\\illuminate\\database\\Console\\Migrations\\MigrateCommand.php(85): Illuminate\\Database\\Migrations\\Migrator->run(Array, Array)
#15 C:\\Projects\\MRJG\\mrjg_admin_backend\\vendor\\illuminate\\database\\Migrations\\Migrator.php(541): Illuminate\\Database\\Console\\Migrations\\MigrateCommand->Illuminate\\Database\\Console\\Migrations\\{closure}()
#16 C:\\Projects\\MRJG\\mrjg_admin_backend\\vendor\\illuminate\\database\\Console\\Migrations\\MigrateCommand.php(94): Illuminate\\Database\\Migrations\\Migrator->usingConnection(NULL, Object(Closure))
#17 C:\\Projects\\MRJG\\mrjg_admin_backend\\vendor\\illuminate\\container\\BoundMethod.php(36): Illuminate\\Database\\Console\\Migrations\\MigrateCommand->handle()
#18 C:\\Projects\\MRJG\\mrjg_admin_backend\\vendor\\illuminate\\container\\Util.php(40): Illuminate\\Container\\BoundMethod::Illuminate\\Container\\{closure}()
#19 C:\\Projects\\MRJG\\mrjg_admin_backend\\vendor\\illuminate\\container\\BoundMethod.php(93): Illuminate\\Container\\Util::unwrapIfClosure(Object(Closure))
#20 C:\\Projects\\MRJG\\mrjg_admin_backend\\vendor\\illuminate\\container\\BoundMethod.php(37): Illuminate\\Container\\BoundMethod::callBoundMethod(Object(Laravel\\Lumen\\Application), Array, Object(Closure))
#21 C:\\Projects\\MRJG\\mrjg_admin_backend\\vendor\\illuminate\\container\\Container.php(611): Illuminate\\Container\\BoundMethod::call(Object(Laravel\\Lumen\\Application), Array, Array, NULL)
#22 C:\\Projects\\MRJG\\mrjg_admin_backend\\vendor\\illuminate\\console\\Command.php(136): Illuminate\\Container\\Container->call(Array)
#23 C:\\Projects\\MRJG\\mrjg_admin_backend\\vendor\\symfony\\console\\Command\\Command.php(256): Illuminate\\Console\\Command->execute(Object(Symfony\\Component\\Console\\Input\\ArgvInput), Object(Illuminate\\Console\\OutputStyle))
#24 C:\\Projects\\MRJG\\mrjg_admin_backend\\vendor\\illuminate\\console\\Command.php(121): Symfony\\Component\\Console\\Command\\Command->run(Object(Symfony\\Component\\Console\\Input\\ArgvInput), Object(Illuminate\\Console\\OutputStyle))
#25 C:\\Projects\\MRJG\\mrjg_admin_backend\\vendor\\symfony\\console\\Application.php(971): Illuminate\\Console\\Command->run(Object(Symfony\\Component\\Console\\Input\\ArgvInput), Object(Symfony\\Component\\Console\\Output\\ConsoleOutput))
#26 C:\\Projects\\MRJG\\mrjg_admin_backend\\vendor\\symfony\\console\\Application.php(290): Symfony\\Component\\Console\\Application->doRunCommand(Object(Illuminate\\Database\\Console\\Migrations\\MigrateCommand), Object(Symfony\\Component\\Console\\Input\\ArgvInput), Object(Symfony\\Component\\Console\\Output\\ConsoleOutput))
#27 C:\\Projects\\MRJG\\mrjg_admin_backend\\vendor\\symfony\\console\\Application.php(166): Symfony\\Component\\Console\\Application->doRun(Object(Symfony\\Component\\Console\\Input\\ArgvInput), Object(Symfony\\Component\\Console\\Output\\ConsoleOutput))
#28 C:\\Projects\\MRJG\\mrjg_admin_backend\\vendor\\illuminate\\console\\Application.php(92): Symfony\\Component\\Console\\Application->run(Object(Symfony\\Component\\Console\\Input\\ArgvInput), Object(Symfony\\Component\\Console\\Output\\ConsoleOutput))
#29 C:\\Projects\\MRJG\\mrjg_admin_backend\\vendor\\laravel\\lumen-framework\\src\\Console\\Kernel.php(116): Illuminate\\Console\\Application->run(Object(Symfony\\Component\\Console\\Input\\ArgvInput), Object(Symfony\\Component\\Console\\Output\\ConsoleOutput))
#30 C:\\Projects\\MRJG\\mrjg_admin_backend\\artisan(35): Laravel\\Lumen\\Console\\Kernel->handle(Object(Symfony\\Component\\Console\\Input\\ArgvInput), Object(Symfony\\Component\\Console\\Output\\ConsoleOutput))
#31 {main}
"} 
[2021-04-14 04:48:02] local.ERROR: SQLSTATE[HY000]: General error: 1005 Can't create table `mrjg_admin`.`teachers` (errno: 150 "Foreign key constraint is incorrectly formed") (SQL: alter table `teachers` add constraint `teachers_person_id_foreign` foreign key (`person_id`) references `people` (`id`)) {"exception":"[object] (Illuminate\\Database\\QueryException(code: HY000): SQLSTATE[HY000]: General error: 1005 Can't create table `mrjg_admin`.`teachers` (errno: 150 \"Foreign key constraint is incorrectly formed\") (SQL: alter table `teachers` add constraint `teachers_person_id_foreign` foreign key (`person_id`) references `people` (`id`)) at C:\\Projects\\MRJG\\mrjg_admin_backend\\vendor\\illuminate\\database\\Connection.php:678)
[stacktrace]
#0 C:\\Projects\\MRJG\\mrjg_admin_backend\\vendor\\illuminate\\database\\Connection.php(638): Illuminate\\Database\\Connection->runQueryCallback('alter table `te...', Array, Object(Closure))
#1 C:\\Projects\\MRJG\\mrjg_admin_backend\\vendor\\illuminate\\database\\Connection.php(472): Illuminate\\Database\\Connection->run('alter table `te...', Array, Object(Closure))
#2 C:\\Projects\\MRJG\\mrjg_admin_backend\\vendor\\illuminate\\database\\Schema\\Blueprint.php(109): Illuminate\\Database\\Connection->statement('alter table `te...')
#3 C:\\Projects\\MRJG\\mrjg_admin_backend\\vendor\\illuminate\\database\\Schema\\Builder.php(359): Illuminate\\Database\\Schema\\Blueprint->build(Object(Illuminate\\Database\\MySqlConnection), Object(Illuminate\\Database\\Schema\\Grammars\\MySqlGrammar))
#4 C:\\Projects\\MRJG\\mrjg_admin_backend\\vendor\\illuminate\\database\\Schema\\Builder.php(222): Illuminate\\Database\\Schema\\Builder->build(Object(Illuminate\\Database\\Schema\\Blueprint))
#5 C:\\Projects\\MRJG\\mrjg_admin_backend\\vendor\\illuminate\\support\\Facades\\Facade.php(261): Illuminate\\Database\\Schema\\Builder->create('teachers', Object(Closure))
#6 C:\\Projects\\MRJG\\mrjg_admin_backend\\database\\migrations\\2021_04_14_043251_teachers.php(21): Illuminate\\Support\\Facades\\Facade::__callStatic('create', Array)
#7 C:\\Projects\\MRJG\\mrjg_admin_backend\\vendor\\illuminate\\database\\Migrations\\Migrator.php(392): Teachers->up()
#8 C:\\Projects\\MRJG\\mrjg_admin_backend\\vendor\\illuminate\\database\\Migrations\\Migrator.php(401): Illuminate\\Database\\Migrations\\Migrator->Illuminate\\Database\\Migrations\\{closure}()
#9 C:\\Projects\\MRJG\\mrjg_admin_backend\\vendor\\illuminate\\database\\Migrations\\Migrator.php(200): Illuminate\\Database\\Migrations\\Migrator->runMigration(Object(Teachers), 'up')
#10 C:\\Projects\\MRJG\\mrjg_admin_backend\\vendor\\illuminate\\database\\Migrations\\Migrator.php(165): Illuminate\\Database\\Migrations\\Migrator->runUp('C:\\\\Projects\\\\MRJ...', 1, false)
#11 C:\\Projects\\MRJG\\mrjg_admin_backend\\vendor\\illuminate\\database\\Migrations\\Migrator.php(110): Illuminate\\Database\\Migrations\\Migrator->runPending(Array, Array)
#12 C:\\Projects\\MRJG\\mrjg_admin_backend\\vendor\\illuminate\\database\\Console\\Migrations\\MigrateCommand.php(85): Illuminate\\Database\\Migrations\\Migrator->run(Array, Array)
#13 C:\\Projects\\MRJG\\mrjg_admin_backend\\vendor\\illuminate\\database\\Migrations\\Migrator.php(541): Illuminate\\Database\\Console\\Migrations\\MigrateCommand->Illuminate\\Database\\Console\\Migrations\\{closure}()
#14 C:\\Projects\\MRJG\\mrjg_admin_backend\\vendor\\illuminate\\database\\Console\\Migrations\\MigrateCommand.php(94): Illuminate\\Database\\Migrations\\Migrator->usingConnection(NULL, Object(Closure))
#15 C:\\Projects\\MRJG\\mrjg_admin_backend\\vendor\\illuminate\\container\\BoundMethod.php(36): Illuminate\\Database\\Console\\Migrations\\MigrateCommand->handle()
#16 C:\\Projects\\MRJG\\mrjg_admin_backend\\vendor\\illuminate\\container\\Util.php(40): Illuminate\\Container\\BoundMethod::Illuminate\\Container\\{closure}()
#17 C:\\Projects\\MRJG\\mrjg_admin_backend\\vendor\\illuminate\\container\\BoundMethod.php(93): Illuminate\\Container\\Util::unwrapIfClosure(Object(Closure))
#18 C:\\Projects\\MRJG\\mrjg_admin_backend\\vendor\\illuminate\\container\\BoundMethod.php(37): Illuminate\\Container\\BoundMethod::callBoundMethod(Object(Laravel\\Lumen\\Application), Array, Object(Closure))
#19 C:\\Projects\\MRJG\\mrjg_admin_backend\\vendor\\illuminate\\container\\Container.php(611): Illuminate\\Container\\BoundMethod::call(Object(Laravel\\Lumen\\Application), Array, Array, NULL)
#20 C:\\Projects\\MRJG\\mrjg_admin_backend\\vendor\\illuminate\\console\\Command.php(136): Illuminate\\Container\\Container->call(Array)
#21 C:\\Projects\\MRJG\\mrjg_admin_backend\\vendor\\symfony\\console\\Command\\Command.php(256): Illuminate\\Console\\Command->execute(Object(Symfony\\Component\\Console\\Input\\ArgvInput), Object(Illuminate\\Console\\OutputStyle))
#22 C:\\Projects\\MRJG\\mrjg_admin_backend\\vendor\\illuminate\\console\\Command.php(121): Symfony\\Component\\Console\\Command\\Command->run(Object(Symfony\\Component\\Console\\Input\\ArgvInput), Object(Illuminate\\Console\\OutputStyle))
#23 C:\\Projects\\MRJG\\mrjg_admin_backend\\vendor\\symfony\\console\\Application.php(971): Illuminate\\Console\\Command->run(Object(Symfony\\Component\\Console\\Input\\ArgvInput), Object(Symfony\\Component\\Console\\Output\\ConsoleOutput))
#24 C:\\Projects\\MRJG\\mrjg_admin_backend\\vendor\\symfony\\console\\Application.php(290): Symfony\\Component\\Console\\Application->doRunCommand(Object(Illuminate\\Database\\Console\\Migrations\\MigrateCommand), Object(Symfony\\Component\\Console\\Input\\ArgvInput), Object(Symfony\\Component\\Console\\Output\\ConsoleOutput))
#25 C:\\Projects\\MRJG\\mrjg_admin_backend\\vendor\\symfony\\console\\Application.php(166): Symfony\\Component\\Console\\Application->doRun(Object(Symfony\\Component\\Console\\Input\\ArgvInput), Object(Symfony\\Component\\Console\\Output\\ConsoleOutput))
#26 C:\\Projects\\MRJG\\mrjg_admin_backend\\vendor\\illuminate\\console\\Application.php(92): Symfony\\Component\\Console\\Application->run(Object(Symfony\\Component\\Console\\Input\\ArgvInput), Object(Symfony\\Component\\Console\\Output\\ConsoleOutput))
#27 C:\\Projects\\MRJG\\mrjg_admin_backend\\vendor\\laravel\\lumen-framework\\src\\Console\\Kernel.php(116): Illuminate\\Console\\Application->run(Object(Symfony\\Component\\Console\\Input\\ArgvInput), Object(Symfony\\Component\\Console\\Output\\ConsoleOutput))
#28 C:\\Projects\\MRJG\\mrjg_admin_backend\\artisan(35): Laravel\\Lumen\\Console\\Kernel->handle(Object(Symfony\\Component\\Console\\Input\\ArgvInput), Object(Symfony\\Component\\Console\\Output\\ConsoleOutput))
#29 {main}

[previous exception] [object] (PDOException(code: HY000): SQLSTATE[HY000]: General error: 1005 Can't create table `mrjg_admin`.`teachers` (errno: 150 \"Foreign key constraint is incorrectly formed\") at C:\\Projects\\MRJG\\mrjg_admin_backend\\vendor\\illuminate\\database\\Connection.php:471)
[stacktrace]
#0 C:\\Projects\\MRJG\\mrjg_admin_backend\\vendor\\illuminate\\database\\Connection.php(471): PDOStatement->execute()
#1 C:\\Projects\\MRJG\\mrjg_admin_backend\\vendor\\illuminate\\database\\Connection.php(671): Illuminate\\Database\\Connection->Illuminate\\Database\\{closure}('alter table `te...', Array)
#2 C:\\Projects\\MRJG\\mrjg_admin_backend\\vendor\\illuminate\\database\\Connection.php(638): Illuminate\\Database\\Connection->runQueryCallback('alter table `te...', Array, Object(Closure))
#3 C:\\Projects\\MRJG\\mrjg_admin_backend\\vendor\\illuminate\\database\\Connection.php(472): Illuminate\\Database\\Connection->run('alter table `te...', Array, Object(Closure))
#4 C:\\Projects\\MRJG\\mrjg_admin_backend\\vendor\\illuminate\\database\\Schema\\Blueprint.php(109): Illuminate\\Database\\Connection->statement('alter table `te...')
#5 C:\\Projects\\MRJG\\mrjg_admin_backend\\vendor\\illuminate\\database\\Schema\\Builder.php(359): Illuminate\\Database\\Schema\\Blueprint->build(Object(Illuminate\\Database\\MySqlConnection), Object(Illuminate\\Database\\Schema\\Grammars\\MySqlGrammar))
#6 C:\\Projects\\MRJG\\mrjg_admin_backend\\vendor\\illuminate\\database\\Schema\\Builder.php(222): Illuminate\\Database\\Schema\\Builder->build(Object(Illuminate\\Database\\Schema\\Blueprint))
#7 C:\\Projects\\MRJG\\mrjg_admin_backend\\vendor\\illuminate\\support\\Facades\\Facade.php(261): Illuminate\\Database\\Schema\\Builder->create('teachers', Object(Closure))
#8 C:\\Projects\\MRJG\\mrjg_admin_backend\\database\\migrations\\2021_04_14_043251_teachers.php(21): Illuminate\\Support\\Facades\\Facade::__callStatic('create', Array)
#9 C:\\Projects\\MRJG\\mrjg_admin_backend\\vendor\\illuminate\\database\\Migrations\\Migrator.php(392): Teachers->up()
#10 C:\\Projects\\MRJG\\mrjg_admin_backend\\vendor\\illuminate\\database\\Migrations\\Migrator.php(401): Illuminate\\Database\\Migrations\\Migrator->Illuminate\\Database\\Migrations\\{closure}()
#11 C:\\Projects\\MRJG\\mrjg_admin_backend\\vendor\\illuminate\\database\\Migrations\\Migrator.php(200): Illuminate\\Database\\Migrations\\Migrator->runMigration(Object(Teachers), 'up')
#12 C:\\Projects\\MRJG\\mrjg_admin_backend\\vendor\\illuminate\\database\\Migrations\\Migrator.php(165): Illuminate\\Database\\Migrations\\Migrator->runUp('C:\\\\Projects\\\\MRJ...', 1, false)
#13 C:\\Projects\\MRJG\\mrjg_admin_backend\\vendor\\illuminate\\database\\Migrations\\Migrator.php(110): Illuminate\\Database\\Migrations\\Migrator->runPending(Array, Array)
#14 C:\\Projects\\MRJG\\mrjg_admin_backend\\vendor\\illuminate\\database\\Console\\Migrations\\MigrateCommand.php(85): Illuminate\\Database\\Migrations\\Migrator->run(Array, Array)
#15 C:\\Projects\\MRJG\\mrjg_admin_backend\\vendor\\illuminate\\database\\Migrations\\Migrator.php(541): Illuminate\\Database\\Console\\Migrations\\MigrateCommand->Illuminate\\Database\\Console\\Migrations\\{closure}()
#16 C:\\Projects\\MRJG\\mrjg_admin_backend\\vendor\\illuminate\\database\\Console\\Migrations\\MigrateCommand.php(94): Illuminate\\Database\\Migrations\\Migrator->usingConnection(NULL, Object(Closure))
#17 C:\\Projects\\MRJG\\mrjg_admin_backend\\vendor\\illuminate\\container\\BoundMethod.php(36): Illuminate\\Database\\Console\\Migrations\\MigrateCommand->handle()
#18 C:\\Projects\\MRJG\\mrjg_admin_backend\\vendor\\illuminate\\container\\Util.php(40): Illuminate\\Container\\BoundMethod::Illuminate\\Container\\{closure}()
#19 C:\\Projects\\MRJG\\mrjg_admin_backend\\vendor\\illuminate\\container\\BoundMethod.php(93): Illuminate\\Container\\Util::unwrapIfClosure(Object(Closure))
#20 C:\\Projects\\MRJG\\mrjg_admin_backend\\vendor\\illuminate\\container\\BoundMethod.php(37): Illuminate\\Container\\BoundMethod::callBoundMethod(Object(Laravel\\Lumen\\Application), Array, Object(Closure))
#21 C:\\Projects\\MRJG\\mrjg_admin_backend\\vendor\\illuminate\\container\\Container.php(611): Illuminate\\Container\\BoundMethod::call(Object(Laravel\\Lumen\\Application), Array, Array, NULL)
#22 C:\\Projects\\MRJG\\mrjg_admin_backend\\vendor\\illuminate\\console\\Command.php(136): Illuminate\\Container\\Container->call(Array)
#23 C:\\Projects\\MRJG\\mrjg_admin_backend\\vendor\\symfony\\console\\Command\\Command.php(256): Illuminate\\Console\\Command->execute(Object(Symfony\\Component\\Console\\Input\\ArgvInput), Object(Illuminate\\Console\\OutputStyle))
#24 C:\\Projects\\MRJG\\mrjg_admin_backend\\vendor\\illuminate\\console\\Command.php(121): Symfony\\Component\\Console\\Command\\Command->run(Object(Symfony\\Component\\Console\\Input\\ArgvInput), Object(Illuminate\\Console\\OutputStyle))
#25 C:\\Projects\\MRJG\\mrjg_admin_backend\\vendor\\symfony\\console\\Application.php(971): Illuminate\\Console\\Command->run(Object(Symfony\\Component\\Console\\Input\\ArgvInput), Object(Symfony\\Component\\Console\\Output\\ConsoleOutput))
#26 C:\\Projects\\MRJG\\mrjg_admin_backend\\vendor\\symfony\\console\\Application.php(290): Symfony\\Component\\Console\\Application->doRunCommand(Object(Illuminate\\Database\\Console\\Migrations\\MigrateCommand), Object(Symfony\\Component\\Console\\Input\\ArgvInput), Object(Symfony\\Component\\Console\\Output\\ConsoleOutput))
#27 C:\\Projects\\MRJG\\mrjg_admin_backend\\vendor\\symfony\\console\\Application.php(166): Symfony\\Component\\Console\\Application->doRun(Object(Symfony\\Component\\Console\\Input\\ArgvInput), Object(Symfony\\Component\\Console\\Output\\ConsoleOutput))
#28 C:\\Projects\\MRJG\\mrjg_admin_backend\\vendor\\illuminate\\console\\Application.php(92): Symfony\\Component\\Console\\Application->run(Object(Symfony\\Component\\Console\\Input\\ArgvInput), Object(Symfony\\Component\\Console\\Output\\ConsoleOutput))
#29 C:\\Projects\\MRJG\\mrjg_admin_backend\\vendor\\laravel\\lumen-framework\\src\\Console\\Kernel.php(116): Illuminate\\Console\\Application->run(Object(Symfony\\Component\\Console\\Input\\ArgvInput), Object(Symfony\\Component\\Console\\Output\\ConsoleOutput))
#30 C:\\Projects\\MRJG\\mrjg_admin_backend\\artisan(35): Laravel\\Lumen\\Console\\Kernel->handle(Object(Symfony\\Component\\Console\\Input\\ArgvInput), Object(Symfony\\Component\\Console\\Output\\ConsoleOutput))
#31 {main}
"} 
[2021-04-14 04:51:42] local.ERROR: SQLSTATE[HY000]: General error: 1005 Can't create table `mrjg_admin`.`teachers` (errno: 150 "Foreign key constraint is incorrectly formed") (SQL: alter table `teachers` add constraint `teachers_person_id_foreign` foreign key (`person_id`) references `people` (`id`)) {"exception":"[object] (Illuminate\\Database\\QueryException(code: HY000): SQLSTATE[HY000]: General error: 1005 Can't create table `mrjg_admin`.`teachers` (errno: 150 \"Foreign key constraint is incorrectly formed\") (SQL: alter table `teachers` add constraint `teachers_person_id_foreign` foreign key (`person_id`) references `people` (`id`)) at C:\\Projects\\MRJG\\mrjg_admin_backend\\vendor\\illuminate\\database\\Connection.php:678)
[stacktrace]
#0 C:\\Projects\\MRJG\\mrjg_admin_backend\\vendor\\illuminate\\database\\Connection.php(638): Illuminate\\Database\\Connection->runQueryCallback('alter table `te...', Array, Object(Closure))
#1 C:\\Projects\\MRJG\\mrjg_admin_backend\\vendor\\illuminate\\database\\Connection.php(472): Illuminate\\Database\\Connection->run('alter table `te...', Array, Object(Closure))
#2 C:\\Projects\\MRJG\\mrjg_admin_backend\\vendor\\illuminate\\database\\Schema\\Blueprint.php(109): Illuminate\\Database\\Connection->statement('alter table `te...')
#3 C:\\Projects\\MRJG\\mrjg_admin_backend\\vendor\\illuminate\\database\\Schema\\Builder.php(359): Illuminate\\Database\\Schema\\Blueprint->build(Object(Illuminate\\Database\\MySqlConnection), Object(Illuminate\\Database\\Schema\\Grammars\\MySqlGrammar))
#4 C:\\Projects\\MRJG\\mrjg_admin_backend\\vendor\\illuminate\\database\\Schema\\Builder.php(222): Illuminate\\Database\\Schema\\Builder->build(Object(Illuminate\\Database\\Schema\\Blueprint))
#5 C:\\Projects\\MRJG\\mrjg_admin_backend\\vendor\\illuminate\\support\\Facades\\Facade.php(261): Illuminate\\Database\\Schema\\Builder->create('teachers', Object(Closure))
#6 C:\\Projects\\MRJG\\mrjg_admin_backend\\database\\migrations\\2021_04_14_043251_teachers.php(21): Illuminate\\Support\\Facades\\Facade::__callStatic('create', Array)
#7 C:\\Projects\\MRJG\\mrjg_admin_backend\\vendor\\illuminate\\database\\Migrations\\Migrator.php(392): Teachers->up()
#8 C:\\Projects\\MRJG\\mrjg_admin_backend\\vendor\\illuminate\\database\\Migrations\\Migrator.php(401): Illuminate\\Database\\Migrations\\Migrator->Illuminate\\Database\\Migrations\\{closure}()
#9 C:\\Projects\\MRJG\\mrjg_admin_backend\\vendor\\illuminate\\database\\Migrations\\Migrator.php(200): Illuminate\\Database\\Migrations\\Migrator->runMigration(Object(Teachers), 'up')
#10 C:\\Projects\\MRJG\\mrjg_admin_backend\\vendor\\illuminate\\database\\Migrations\\Migrator.php(165): Illuminate\\Database\\Migrations\\Migrator->runUp('C:\\\\Projects\\\\MRJ...', 1, false)
#11 C:\\Projects\\MRJG\\mrjg_admin_backend\\vendor\\illuminate\\database\\Migrations\\Migrator.php(110): Illuminate\\Database\\Migrations\\Migrator->runPending(Array, Array)
#12 C:\\Projects\\MRJG\\mrjg_admin_backend\\vendor\\illuminate\\database\\Console\\Migrations\\MigrateCommand.php(85): Illuminate\\Database\\Migrations\\Migrator->run(Array, Array)
#13 C:\\Projects\\MRJG\\mrjg_admin_backend\\vendor\\illuminate\\database\\Migrations\\Migrator.php(541): Illuminate\\Database\\Console\\Migrations\\MigrateCommand->Illuminate\\Database\\Console\\Migrations\\{closure}()
#14 C:\\Projects\\MRJG\\mrjg_admin_backend\\vendor\\illuminate\\database\\Console\\Migrations\\MigrateCommand.php(94): Illuminate\\Database\\Migrations\\Migrator->usingConnection(NULL, Object(Closure))
#15 C:\\Projects\\MRJG\\mrjg_admin_backend\\vendor\\illuminate\\container\\BoundMethod.php(36): Illuminate\\Database\\Console\\Migrations\\MigrateCommand->handle()
#16 C:\\Projects\\MRJG\\mrjg_admin_backend\\vendor\\illuminate\\container\\Util.php(40): Illuminate\\Container\\BoundMethod::Illuminate\\Container\\{closure}()
#17 C:\\Projects\\MRJG\\mrjg_admin_backend\\vendor\\illuminate\\container\\BoundMethod.php(93): Illuminate\\Container\\Util::unwrapIfClosure(Object(Closure))
#18 C:\\Projects\\MRJG\\mrjg_admin_backend\\vendor\\illuminate\\container\\BoundMethod.php(37): Illuminate\\Container\\BoundMethod::callBoundMethod(Object(Laravel\\Lumen\\Application), Array, Object(Closure))
#19 C:\\Projects\\MRJG\\mrjg_admin_backend\\vendor\\illuminate\\container\\Container.php(611): Illuminate\\Container\\BoundMethod::call(Object(Laravel\\Lumen\\Application), Array, Array, NULL)
#20 C:\\Projects\\MRJG\\mrjg_admin_backend\\vendor\\illuminate\\console\\Command.php(136): Illuminate\\Container\\Container->call(Array)
#21 C:\\Projects\\MRJG\\mrjg_admin_backend\\vendor\\symfony\\console\\Command\\Command.php(256): Illuminate\\Console\\Command->execute(Object(Symfony\\Component\\Console\\Input\\ArgvInput), Object(Illuminate\\Console\\OutputStyle))
#22 C:\\Projects\\MRJG\\mrjg_admin_backend\\vendor\\illuminate\\console\\Command.php(121): Symfony\\Component\\Console\\Command\\Command->run(Object(Symfony\\Component\\Console\\Input\\ArgvInput), Object(Illuminate\\Console\\OutputStyle))
#23 C:\\Projects\\MRJG\\mrjg_admin_backend\\vendor\\symfony\\console\\Application.php(971): Illuminate\\Console\\Command->run(Object(Symfony\\Component\\Console\\Input\\ArgvInput), Object(Symfony\\Component\\Console\\Output\\ConsoleOutput))
#24 C:\\Projects\\MRJG\\mrjg_admin_backend\\vendor\\symfony\\console\\Application.php(290): Symfony\\Component\\Console\\Application->doRunCommand(Object(Illuminate\\Database\\Console\\Migrations\\MigrateCommand), Object(Symfony\\Component\\Console\\Input\\ArgvInput), Object(Symfony\\Component\\Console\\Output\\ConsoleOutput))
#25 C:\\Projects\\MRJG\\mrjg_admin_backend\\vendor\\symfony\\console\\Application.php(166): Symfony\\Component\\Console\\Application->doRun(Object(Symfony\\Component\\Console\\Input\\ArgvInput), Object(Symfony\\Component\\Console\\Output\\ConsoleOutput))
#26 C:\\Projects\\MRJG\\mrjg_admin_backend\\vendor\\illuminate\\console\\Application.php(92): Symfony\\Component\\Console\\Application->run(Object(Symfony\\Component\\Console\\Input\\ArgvInput), Object(Symfony\\Component\\Console\\Output\\ConsoleOutput))
#27 C:\\Projects\\MRJG\\mrjg_admin_backend\\vendor\\laravel\\lumen-framework\\src\\Console\\Kernel.php(116): Illuminate\\Console\\Application->run(Object(Symfony\\Component\\Console\\Input\\ArgvInput), Object(Symfony\\Component\\Console\\Output\\ConsoleOutput))
#28 C:\\Projects\\MRJG\\mrjg_admin_backend\\artisan(35): Laravel\\Lumen\\Console\\Kernel->handle(Object(Symfony\\Component\\Console\\Input\\ArgvInput), Object(Symfony\\Component\\Console\\Output\\ConsoleOutput))
#29 {main}

[previous exception] [object] (PDOException(code: HY000): SQLSTATE[HY000]: General error: 1005 Can't create table `mrjg_admin`.`teachers` (errno: 150 \"Foreign key constraint is incorrectly formed\") at C:\\Projects\\MRJG\\mrjg_admin_backend\\vendor\\illuminate\\database\\Connection.php:471)
[stacktrace]
#0 C:\\Projects\\MRJG\\mrjg_admin_backend\\vendor\\illuminate\\database\\Connection.php(471): PDOStatement->execute()
#1 C:\\Projects\\MRJG\\mrjg_admin_backend\\vendor\\illuminate\\database\\Connection.php(671): Illuminate\\Database\\Connection->Illuminate\\Database\\{closure}('alter table `te...', Array)
#2 C:\\Projects\\MRJG\\mrjg_admin_backend\\vendor\\illuminate\\database\\Connection.php(638): Illuminate\\Database\\Connection->runQueryCallback('alter table `te...', Array, Object(Closure))
#3 C:\\Projects\\MRJG\\mrjg_admin_backend\\vendor\\illuminate\\database\\Connection.php(472): Illuminate\\Database\\Connection->run('alter table `te...', Array, Object(Closure))
#4 C:\\Projects\\MRJG\\mrjg_admin_backend\\vendor\\illuminate\\database\\Schema\\Blueprint.php(109): Illuminate\\Database\\Connection->statement('alter table `te...')
#5 C:\\Projects\\MRJG\\mrjg_admin_backend\\vendor\\illuminate\\database\\Schema\\Builder.php(359): Illuminate\\Database\\Schema\\Blueprint->build(Object(Illuminate\\Database\\MySqlConnection), Object(Illuminate\\Database\\Schema\\Grammars\\MySqlGrammar))
#6 C:\\Projects\\MRJG\\mrjg_admin_backend\\vendor\\illuminate\\database\\Schema\\Builder.php(222): Illuminate\\Database\\Schema\\Builder->build(Object(Illuminate\\Database\\Schema\\Blueprint))
#7 C:\\Projects\\MRJG\\mrjg_admin_backend\\vendor\\illuminate\\support\\Facades\\Facade.php(261): Illuminate\\Database\\Schema\\Builder->create('teachers', Object(Closure))
#8 C:\\Projects\\MRJG\\mrjg_admin_backend\\database\\migrations\\2021_04_14_043251_teachers.php(21): Illuminate\\Support\\Facades\\Facade::__callStatic('create', Array)
#9 C:\\Projects\\MRJG\\mrjg_admin_backend\\vendor\\illuminate\\database\\Migrations\\Migrator.php(392): Teachers->up()
#10 C:\\Projects\\MRJG\\mrjg_admin_backend\\vendor\\illuminate\\database\\Migrations\\Migrator.php(401): Illuminate\\Database\\Migrations\\Migrator->Illuminate\\Database\\Migrations\\{closure}()
#11 C:\\Projects\\MRJG\\mrjg_admin_backend\\vendor\\illuminate\\database\\Migrations\\Migrator.php(200): Illuminate\\Database\\Migrations\\Migrator->runMigration(Object(Teachers), 'up')
#12 C:\\Projects\\MRJG\\mrjg_admin_backend\\vendor\\illuminate\\database\\Migrations\\Migrator.php(165): Illuminate\\Database\\Migrations\\Migrator->runUp('C:\\\\Projects\\\\MRJ...', 1, false)
#13 C:\\Projects\\MRJG\\mrjg_admin_backend\\vendor\\illuminate\\database\\Migrations\\Migrator.php(110): Illuminate\\Database\\Migrations\\Migrator->runPending(Array, Array)
#14 C:\\Projects\\MRJG\\mrjg_admin_backend\\vendor\\illuminate\\database\\Console\\Migrations\\MigrateCommand.php(85): Illuminate\\Database\\Migrations\\Migrator->run(Array, Array)
#15 C:\\Projects\\MRJG\\mrjg_admin_backend\\vendor\\illuminate\\database\\Migrations\\Migrator.php(541): Illuminate\\Database\\Console\\Migrations\\MigrateCommand->Illuminate\\Database\\Console\\Migrations\\{closure}()
#16 C:\\Projects\\MRJG\\mrjg_admin_backend\\vendor\\illuminate\\database\\Console\\Migrations\\MigrateCommand.php(94): Illuminate\\Database\\Migrations\\Migrator->usingConnection(NULL, Object(Closure))
#17 C:\\Projects\\MRJG\\mrjg_admin_backend\\vendor\\illuminate\\container\\BoundMethod.php(36): Illuminate\\Database\\Console\\Migrations\\MigrateCommand->handle()
#18 C:\\Projects\\MRJG\\mrjg_admin_backend\\vendor\\illuminate\\container\\Util.php(40): Illuminate\\Container\\BoundMethod::Illuminate\\Container\\{closure}()
#19 C:\\Projects\\MRJG\\mrjg_admin_backend\\vendor\\illuminate\\container\\BoundMethod.php(93): Illuminate\\Container\\Util::unwrapIfClosure(Object(Closure))
#20 C:\\Projects\\MRJG\\mrjg_admin_backend\\vendor\\illuminate\\container\\BoundMethod.php(37): Illuminate\\Container\\BoundMethod::callBoundMethod(Object(Laravel\\Lumen\\Application), Array, Object(Closure))
#21 C:\\Projects\\MRJG\\mrjg_admin_backend\\vendor\\illuminate\\container\\Container.php(611): Illuminate\\Container\\BoundMethod::call(Object(Laravel\\Lumen\\Application), Array, Array, NULL)
#22 C:\\Projects\\MRJG\\mrjg_admin_backend\\vendor\\illuminate\\console\\Command.php(136): Illuminate\\Container\\Container->call(Array)
#23 C:\\Projects\\MRJG\\mrjg_admin_backend\\vendor\\symfony\\console\\Command\\Command.php(256): Illuminate\\Console\\Command->execute(Object(Symfony\\Component\\Console\\Input\\ArgvInput), Object(Illuminate\\Console\\OutputStyle))
#24 C:\\Projects\\MRJG\\mrjg_admin_backend\\vendor\\illuminate\\console\\Command.php(121): Symfony\\Component\\Console\\Command\\Command->run(Object(Symfony\\Component\\Console\\Input\\ArgvInput), Object(Illuminate\\Console\\OutputStyle))
#25 C:\\Projects\\MRJG\\mrjg_admin_backend\\vendor\\symfony\\console\\Application.php(971): Illuminate\\Console\\Command->run(Object(Symfony\\Component\\Console\\Input\\ArgvInput), Object(Symfony\\Component\\Console\\Output\\ConsoleOutput))
#26 C:\\Projects\\MRJG\\mrjg_admin_backend\\vendor\\symfony\\console\\Application.php(290): Symfony\\Component\\Console\\Application->doRunCommand(Object(Illuminate\\Database\\Console\\Migrations\\MigrateCommand), Object(Symfony\\Component\\Console\\Input\\ArgvInput), Object(Symfony\\Component\\Console\\Output\\ConsoleOutput))
#27 C:\\Projects\\MRJG\\mrjg_admin_backend\\vendor\\symfony\\console\\Application.php(166): Symfony\\Component\\Console\\Application->doRun(Object(Symfony\\Component\\Console\\Input\\ArgvInput), Object(Symfony\\Component\\Console\\Output\\ConsoleOutput))
#28 C:\\Projects\\MRJG\\mrjg_admin_backend\\vendor\\illuminate\\console\\Application.php(92): Symfony\\Component\\Console\\Application->run(Object(Symfony\\Component\\Console\\Input\\ArgvInput), Object(Symfony\\Component\\Console\\Output\\ConsoleOutput))
#29 C:\\Projects\\MRJG\\mrjg_admin_backend\\vendor\\laravel\\lumen-framework\\src\\Console\\Kernel.php(116): Illuminate\\Console\\Application->run(Object(Symfony\\Component\\Console\\Input\\ArgvInput), Object(Symfony\\Component\\Console\\Output\\ConsoleOutput))
#30 C:\\Projects\\MRJG\\mrjg_admin_backend\\artisan(35): Laravel\\Lumen\\Console\\Kernel->handle(Object(Symfony\\Component\\Console\\Input\\ArgvInput), Object(Symfony\\Component\\Console\\Output\\ConsoleOutput))
#31 {main}
"} 
[2021-04-14 04:52:31] local.ERROR: SQLSTATE[HY000]: General error: 1005 Can't create table `mrjg_admin`.`teachers` (errno: 150 "Foreign key constraint is incorrectly formed") (SQL: alter table `teachers` add constraint `teachers_person_id_foreign` foreign key (`person_id`) references `people` (`id`)) {"exception":"[object] (Illuminate\\Database\\QueryException(code: HY000): SQLSTATE[HY000]: General error: 1005 Can't create table `mrjg_admin`.`teachers` (errno: 150 \"Foreign key constraint is incorrectly formed\") (SQL: alter table `teachers` add constraint `teachers_person_id_foreign` foreign key (`person_id`) references `people` (`id`)) at C:\\Projects\\MRJG\\mrjg_admin_backend\\vendor\\illuminate\\database\\Connection.php:678)
[stacktrace]
#0 C:\\Projects\\MRJG\\mrjg_admin_backend\\vendor\\illuminate\\database\\Connection.php(638): Illuminate\\Database\\Connection->runQueryCallback('alter table `te...', Array, Object(Closure))
#1 C:\\Projects\\MRJG\\mrjg_admin_backend\\vendor\\illuminate\\database\\Connection.php(472): Illuminate\\Database\\Connection->run('alter table `te...', Array, Object(Closure))
#2 C:\\Projects\\MRJG\\mrjg_admin_backend\\vendor\\illuminate\\database\\Schema\\Blueprint.php(109): Illuminate\\Database\\Connection->statement('alter table `te...')
#3 C:\\Projects\\MRJG\\mrjg_admin_backend\\vendor\\illuminate\\database\\Schema\\Builder.php(359): Illuminate\\Database\\Schema\\Blueprint->build(Object(Illuminate\\Database\\MySqlConnection), Object(Illuminate\\Database\\Schema\\Grammars\\MySqlGrammar))
#4 C:\\Projects\\MRJG\\mrjg_admin_backend\\vendor\\illuminate\\database\\Schema\\Builder.php(222): Illuminate\\Database\\Schema\\Builder->build(Object(Illuminate\\Database\\Schema\\Blueprint))
#5 C:\\Projects\\MRJG\\mrjg_admin_backend\\vendor\\illuminate\\support\\Facades\\Facade.php(261): Illuminate\\Database\\Schema\\Builder->create('teachers', Object(Closure))
#6 C:\\Projects\\MRJG\\mrjg_admin_backend\\database\\migrations\\2021_04_14_043251_teachers.php(21): Illuminate\\Support\\Facades\\Facade::__callStatic('create', Array)
#7 C:\\Projects\\MRJG\\mrjg_admin_backend\\vendor\\illuminate\\database\\Migrations\\Migrator.php(392): Teachers->up()
#8 C:\\Projects\\MRJG\\mrjg_admin_backend\\vendor\\illuminate\\database\\Migrations\\Migrator.php(401): Illuminate\\Database\\Migrations\\Migrator->Illuminate\\Database\\Migrations\\{closure}()
#9 C:\\Projects\\MRJG\\mrjg_admin_backend\\vendor\\illuminate\\database\\Migrations\\Migrator.php(200): Illuminate\\Database\\Migrations\\Migrator->runMigration(Object(Teachers), 'up')
#10 C:\\Projects\\MRJG\\mrjg_admin_backend\\vendor\\illuminate\\database\\Migrations\\Migrator.php(165): Illuminate\\Database\\Migrations\\Migrator->runUp('C:\\\\Projects\\\\MRJ...', 1, false)
#11 C:\\Projects\\MRJG\\mrjg_admin_backend\\vendor\\illuminate\\database\\Migrations\\Migrator.php(110): Illuminate\\Database\\Migrations\\Migrator->runPending(Array, Array)
#12 C:\\Projects\\MRJG\\mrjg_admin_backend\\vendor\\illuminate\\database\\Console\\Migrations\\MigrateCommand.php(85): Illuminate\\Database\\Migrations\\Migrator->run(Array, Array)
#13 C:\\Projects\\MRJG\\mrjg_admin_backend\\vendor\\illuminate\\database\\Migrations\\Migrator.php(541): Illuminate\\Database\\Console\\Migrations\\MigrateCommand->Illuminate\\Database\\Console\\Migrations\\{closure}()
#14 C:\\Projects\\MRJG\\mrjg_admin_backend\\vendor\\illuminate\\database\\Console\\Migrations\\MigrateCommand.php(94): Illuminate\\Database\\Migrations\\Migrator->usingConnection(NULL, Object(Closure))
#15 C:\\Projects\\MRJG\\mrjg_admin_backend\\vendor\\illuminate\\container\\BoundMethod.php(36): Illuminate\\Database\\Console\\Migrations\\MigrateCommand->handle()
#16 C:\\Projects\\MRJG\\mrjg_admin_backend\\vendor\\illuminate\\container\\Util.php(40): Illuminate\\Container\\BoundMethod::Illuminate\\Container\\{closure}()
#17 C:\\Projects\\MRJG\\mrjg_admin_backend\\vendor\\illuminate\\container\\BoundMethod.php(93): Illuminate\\Container\\Util::unwrapIfClosure(Object(Closure))
#18 C:\\Projects\\MRJG\\mrjg_admin_backend\\vendor\\illuminate\\container\\BoundMethod.php(37): Illuminate\\Container\\BoundMethod::callBoundMethod(Object(Laravel\\Lumen\\Application), Array, Object(Closure))
#19 C:\\Projects\\MRJG\\mrjg_admin_backend\\vendor\\illuminate\\container\\Container.php(611): Illuminate\\Container\\BoundMethod::call(Object(Laravel\\Lumen\\Application), Array, Array, NULL)
#20 C:\\Projects\\MRJG\\mrjg_admin_backend\\vendor\\illuminate\\console\\Command.php(136): Illuminate\\Container\\Container->call(Array)
#21 C:\\Projects\\MRJG\\mrjg_admin_backend\\vendor\\symfony\\console\\Command\\Command.php(256): Illuminate\\Console\\Command->execute(Object(Symfony\\Component\\Console\\Input\\ArgvInput), Object(Illuminate\\Console\\OutputStyle))
#22 C:\\Projects\\MRJG\\mrjg_admin_backend\\vendor\\illuminate\\console\\Command.php(121): Symfony\\Component\\Console\\Command\\Command->run(Object(Symfony\\Component\\Console\\Input\\ArgvInput), Object(Illuminate\\Console\\OutputStyle))
#23 C:\\Projects\\MRJG\\mrjg_admin_backend\\vendor\\symfony\\console\\Application.php(971): Illuminate\\Console\\Command->run(Object(Symfony\\Component\\Console\\Input\\ArgvInput), Object(Symfony\\Component\\Console\\Output\\ConsoleOutput))
#24 C:\\Projects\\MRJG\\mrjg_admin_backend\\vendor\\symfony\\console\\Application.php(290): Symfony\\Component\\Console\\Application->doRunCommand(Object(Illuminate\\Database\\Console\\Migrations\\MigrateCommand), Object(Symfony\\Component\\Console\\Input\\ArgvInput), Object(Symfony\\Component\\Console\\Output\\ConsoleOutput))
#25 C:\\Projects\\MRJG\\mrjg_admin_backend\\vendor\\symfony\\console\\Application.php(166): Symfony\\Component\\Console\\Application->doRun(Object(Symfony\\Component\\Console\\Input\\ArgvInput), Object(Symfony\\Component\\Console\\Output\\ConsoleOutput))
#26 C:\\Projects\\MRJG\\mrjg_admin_backend\\vendor\\illuminate\\console\\Application.php(92): Symfony\\Component\\Console\\Application->run(Object(Symfony\\Component\\Console\\Input\\ArgvInput), Object(Symfony\\Component\\Console\\Output\\ConsoleOutput))
#27 C:\\Projects\\MRJG\\mrjg_admin_backend\\vendor\\laravel\\lumen-framework\\src\\Console\\Kernel.php(116): Illuminate\\Console\\Application->run(Object(Symfony\\Component\\Console\\Input\\ArgvInput), Object(Symfony\\Component\\Console\\Output\\ConsoleOutput))
#28 C:\\Projects\\MRJG\\mrjg_admin_backend\\artisan(35): Laravel\\Lumen\\Console\\Kernel->handle(Object(Symfony\\Component\\Console\\Input\\ArgvInput), Object(Symfony\\Component\\Console\\Output\\ConsoleOutput))
#29 {main}

[previous exception] [object] (PDOException(code: HY000): SQLSTATE[HY000]: General error: 1005 Can't create table `mrjg_admin`.`teachers` (errno: 150 \"Foreign key constraint is incorrectly formed\") at C:\\Projects\\MRJG\\mrjg_admin_backend\\vendor\\illuminate\\database\\Connection.php:471)
[stacktrace]
#0 C:\\Projects\\MRJG\\mrjg_admin_backend\\vendor\\illuminate\\database\\Connection.php(471): PDOStatement->execute()
#1 C:\\Projects\\MRJG\\mrjg_admin_backend\\vendor\\illuminate\\database\\Connection.php(671): Illuminate\\Database\\Connection->Illuminate\\Database\\{closure}('alter table `te...', Array)
#2 C:\\Projects\\MRJG\\mrjg_admin_backend\\vendor\\illuminate\\database\\Connection.php(638): Illuminate\\Database\\Connection->runQueryCallback('alter table `te...', Array, Object(Closure))
#3 C:\\Projects\\MRJG\\mrjg_admin_backend\\vendor\\illuminate\\database\\Connection.php(472): Illuminate\\Database\\Connection->run('alter table `te...', Array, Object(Closure))
#4 C:\\Projects\\MRJG\\mrjg_admin_backend\\vendor\\illuminate\\database\\Schema\\Blueprint.php(109): Illuminate\\Database\\Connection->statement('alter table `te...')
#5 C:\\Projects\\MRJG\\mrjg_admin_backend\\vendor\\illuminate\\database\\Schema\\Builder.php(359): Illuminate\\Database\\Schema\\Blueprint->build(Object(Illuminate\\Database\\MySqlConnection), Object(Illuminate\\Database\\Schema\\Grammars\\MySqlGrammar))
#6 C:\\Projects\\MRJG\\mrjg_admin_backend\\vendor\\illuminate\\database\\Schema\\Builder.php(222): Illuminate\\Database\\Schema\\Builder->build(Object(Illuminate\\Database\\Schema\\Blueprint))
#7 C:\\Projects\\MRJG\\mrjg_admin_backend\\vendor\\illuminate\\support\\Facades\\Facade.php(261): Illuminate\\Database\\Schema\\Builder->create('teachers', Object(Closure))
#8 C:\\Projects\\MRJG\\mrjg_admin_backend\\database\\migrations\\2021_04_14_043251_teachers.php(21): Illuminate\\Support\\Facades\\Facade::__callStatic('create', Array)
#9 C:\\Projects\\MRJG\\mrjg_admin_backend\\vendor\\illuminate\\database\\Migrations\\Migrator.php(392): Teachers->up()
#10 C:\\Projects\\MRJG\\mrjg_admin_backend\\vendor\\illuminate\\database\\Migrations\\Migrator.php(401): Illuminate\\Database\\Migrations\\Migrator->Illuminate\\Database\\Migrations\\{closure}()
#11 C:\\Projects\\MRJG\\mrjg_admin_backend\\vendor\\illuminate\\database\\Migrations\\Migrator.php(200): Illuminate\\Database\\Migrations\\Migrator->runMigration(Object(Teachers), 'up')
#12 C:\\Projects\\MRJG\\mrjg_admin_backend\\vendor\\illuminate\\database\\Migrations\\Migrator.php(165): Illuminate\\Database\\Migrations\\Migrator->runUp('C:\\\\Projects\\\\MRJ...', 1, false)
#13 C:\\Projects\\MRJG\\mrjg_admin_backend\\vendor\\illuminate\\database\\Migrations\\Migrator.php(110): Illuminate\\Database\\Migrations\\Migrator->runPending(Array, Array)
#14 C:\\Projects\\MRJG\\mrjg_admin_backend\\vendor\\illuminate\\database\\Console\\Migrations\\MigrateCommand.php(85): Illuminate\\Database\\Migrations\\Migrator->run(Array, Array)
#15 C:\\Projects\\MRJG\\mrjg_admin_backend\\vendor\\illuminate\\database\\Migrations\\Migrator.php(541): Illuminate\\Database\\Console\\Migrations\\MigrateCommand->Illuminate\\Database\\Console\\Migrations\\{closure}()
#16 C:\\Projects\\MRJG\\mrjg_admin_backend\\vendor\\illuminate\\database\\Console\\Migrations\\MigrateCommand.php(94): Illuminate\\Database\\Migrations\\Migrator->usingConnection(NULL, Object(Closure))
#17 C:\\Projects\\MRJG\\mrjg_admin_backend\\vendor\\illuminate\\container\\BoundMethod.php(36): Illuminate\\Database\\Console\\Migrations\\MigrateCommand->handle()
#18 C:\\Projects\\MRJG\\mrjg_admin_backend\\vendor\\illuminate\\container\\Util.php(40): Illuminate\\Container\\BoundMethod::Illuminate\\Container\\{closure}()
#19 C:\\Projects\\MRJG\\mrjg_admin_backend\\vendor\\illuminate\\container\\BoundMethod.php(93): Illuminate\\Container\\Util::unwrapIfClosure(Object(Closure))
#20 C:\\Projects\\MRJG\\mrjg_admin_backend\\vendor\\illuminate\\container\\BoundMethod.php(37): Illuminate\\Container\\BoundMethod::callBoundMethod(Object(Laravel\\Lumen\\Application), Array, Object(Closure))
#21 C:\\Projects\\MRJG\\mrjg_admin_backend\\vendor\\illuminate\\container\\Container.php(611): Illuminate\\Container\\BoundMethod::call(Object(Laravel\\Lumen\\Application), Array, Array, NULL)
#22 C:\\Projects\\MRJG\\mrjg_admin_backend\\vendor\\illuminate\\console\\Command.php(136): Illuminate\\Container\\Container->call(Array)
#23 C:\\Projects\\MRJG\\mrjg_admin_backend\\vendor\\symfony\\console\\Command\\Command.php(256): Illuminate\\Console\\Command->execute(Object(Symfony\\Component\\Console\\Input\\ArgvInput), Object(Illuminate\\Console\\OutputStyle))
#24 C:\\Projects\\MRJG\\mrjg_admin_backend\\vendor\\illuminate\\console\\Command.php(121): Symfony\\Component\\Console\\Command\\Command->run(Object(Symfony\\Component\\Console\\Input\\ArgvInput), Object(Illuminate\\Console\\OutputStyle))
#25 C:\\Projects\\MRJG\\mrjg_admin_backend\\vendor\\symfony\\console\\Application.php(971): Illuminate\\Console\\Command->run(Object(Symfony\\Component\\Console\\Input\\ArgvInput), Object(Symfony\\Component\\Console\\Output\\ConsoleOutput))
#26 C:\\Projects\\MRJG\\mrjg_admin_backend\\vendor\\symfony\\console\\Application.php(290): Symfony\\Component\\Console\\Application->doRunCommand(Object(Illuminate\\Database\\Console\\Migrations\\MigrateCommand), Object(Symfony\\Component\\Console\\Input\\ArgvInput), Object(Symfony\\Component\\Console\\Output\\ConsoleOutput))
#27 C:\\Projects\\MRJG\\mrjg_admin_backend\\vendor\\symfony\\console\\Application.php(166): Symfony\\Component\\Console\\Application->doRun(Object(Symfony\\Component\\Console\\Input\\ArgvInput), Object(Symfony\\Component\\Console\\Output\\ConsoleOutput))
#28 C:\\Projects\\MRJG\\mrjg_admin_backend\\vendor\\illuminate\\console\\Application.php(92): Symfony\\Component\\Console\\Application->run(Object(Symfony\\Component\\Console\\Input\\ArgvInput), Object(Symfony\\Component\\Console\\Output\\ConsoleOutput))
#29 C:\\Projects\\MRJG\\mrjg_admin_backend\\vendor\\laravel\\lumen-framework\\src\\Console\\Kernel.php(116): Illuminate\\Console\\Application->run(Object(Symfony\\Component\\Console\\Input\\ArgvInput), Object(Symfony\\Component\\Console\\Output\\ConsoleOutput))
#30 C:\\Projects\\MRJG\\mrjg_admin_backend\\artisan(35): Laravel\\Lumen\\Console\\Kernel->handle(Object(Symfony\\Component\\Console\\Input\\ArgvInput), Object(Symfony\\Component\\Console\\Output\\ConsoleOutput))
#31 {main}
"} 
