[2021-05-14 06:14:04] local.ERROR: There are no commands defined in the "create" namespace. {"exception":"[object] (Symfony\\Component\\Console\\Exception\\NamespaceNotFoundException(code: 0): There are no commands defined in the \"create\" namespace. at C:\\Projects\\MRJG\\mrjg_admin_backend\\vendor\\symfony\\console\\Application.php:605)
[stacktrace]
#0 C:\\Projects\\MRJG\\mrjg_admin_backend\\vendor\\symfony\\console\\Application.php(656): Symfony\\Component\\Console\\Application->findNamespace('create')
#1 C:\\Projects\\MRJG\\mrjg_admin_backend\\vendor\\symfony\\console\\Application.php(254): Symfony\\Component\\Console\\Application->find('create:model')
#2 C:\\Projects\\MRJG\\mrjg_admin_backend\\vendor\\symfony\\console\\Application.php(166): Symfony\\Component\\Console\\Application->doRun(Object(Symfony\\Component\\Console\\Input\\ArgvInput), Object(Symfony\\Component\\Console\\Output\\ConsoleOutput))
#3 C:\\Projects\\MRJG\\mrjg_admin_backend\\vendor\\illuminate\\console\\Application.php(92): Symfony\\Component\\Console\\Application->run(Object(Symfony\\Component\\Console\\Input\\ArgvInput), Object(Symfony\\Component\\Console\\Output\\ConsoleOutput))
#4 C:\\Projects\\MRJG\\mrjg_admin_backend\\vendor\\laravel\\lumen-framework\\src\\Console\\Kernel.php(116): Illuminate\\Console\\Application->run(Object(Symfony\\Component\\Console\\Input\\ArgvInput), Object(Symfony\\Component\\Console\\Output\\ConsoleOutput))
#5 C:\\Projects\\MRJG\\mrjg_admin_backend\\artisan(35): Laravel\\Lumen\\Console\\Kernel->handle(Object(Symfony\\Component\\Console\\Input\\ArgvInput), Object(Symfony\\Component\\Console\\Output\\ConsoleOutput))
#6 {main}
"} 
[2021-05-14 06:21:57] local.ERROR: Target class [App\Http\Controllers\GradeController] does not exist. {"exception":"[object] (Illuminate\\Contracts\\Container\\BindingResolutionException(code: 0): Target class [App\\Http\\Controllers\\GradeController] does not exist. at C:\\Projects\\MRJG\\mrjg_admin_backend\\vendor\\illuminate\\container\\Container.php:835)
[stacktrace]
#0 C:\\Projects\\MRJG\\mrjg_admin_backend\\vendor\\illuminate\\container\\Container.php(714): Illuminate\\Container\\Container->build('App\\\\Http\\\\Contro...')
#1 C:\\Projects\\MRJG\\mrjg_admin_backend\\vendor\\illuminate\\container\\Container.php(652): Illuminate\\Container\\Container->resolve('App\\\\Http\\\\Contro...', Array)
#2 C:\\Projects\\MRJG\\mrjg_admin_backend\\vendor\\laravel\\lumen-framework\\src\\Application.php(300): Illuminate\\Container\\Container->make('App\\\\Http\\\\Contro...', Array)
#3 C:\\Projects\\MRJG\\mrjg_admin_backend\\vendor\\laravel\\lumen-framework\\src\\Concerns\\RoutesRequests.php(321): Laravel\\Lumen\\Application->make('App\\\\Http\\\\Contro...')
#4 C:\\Projects\\MRJG\\mrjg_admin_backend\\vendor\\laravel\\lumen-framework\\src\\Concerns\\RoutesRequests.php(279): Laravel\\Lumen\\Application->callControllerAction(Array)
#5 C:\\Projects\\MRJG\\mrjg_admin_backend\\vendor\\laravel\\lumen-framework\\src\\Concerns\\RoutesRequests.php(264): Laravel\\Lumen\\Application->callActionOnArrayBasedRoute(Array)
#6 C:\\Projects\\MRJG\\mrjg_admin_backend\\vendor\\laravel\\lumen-framework\\src\\Concerns\\RoutesRequests.php(166): Laravel\\Lumen\\Application->handleFoundRoute(Array)
#7 C:\\Projects\\MRJG\\mrjg_admin_backend\\vendor\\laravel\\lumen-framework\\src\\Routing\\Pipeline.php(48): Laravel\\Lumen\\Application->Laravel\\Lumen\\Concerns\\{closure}(Object(Laravel\\Lumen\\Http\\Request))
#8 C:\\Projects\\MRJG\\mrjg_admin_backend\\app\\Http\\Middleware\\CorsMiddleware.php(30): Laravel\\Lumen\\Routing\\Pipeline->Laravel\\Lumen\\Routing\\{closure}(Object(Laravel\\Lumen\\Http\\Request))
#9 C:\\Projects\\MRJG\\mrjg_admin_backend\\vendor\\illuminate\\pipeline\\Pipeline.php(167): App\\Http\\Middleware\\CorsMiddleware->handle(Object(Laravel\\Lumen\\Http\\Request), Object(Closure))
#10 C:\\Projects\\MRJG\\mrjg_admin_backend\\vendor\\laravel\\lumen-framework\\src\\Routing\\Pipeline.php(30): Illuminate\\Pipeline\\Pipeline->Illuminate\\Pipeline\\{closure}(Object(Laravel\\Lumen\\Http\\Request))
#11 C:\\Projects\\MRJG\\mrjg_admin_backend\\vendor\\illuminate\\pipeline\\Pipeline.php(103): Laravel\\Lumen\\Routing\\Pipeline->Laravel\\Lumen\\Routing\\{closure}(Object(Laravel\\Lumen\\Http\\Request))
#12 C:\\Projects\\MRJG\\mrjg_admin_backend\\vendor\\laravel\\lumen-framework\\src\\Concerns\\RoutesRequests.php(423): Illuminate\\Pipeline\\Pipeline->then(Object(Closure))
#13 C:\\Projects\\MRJG\\mrjg_admin_backend\\vendor\\laravel\\lumen-framework\\src\\Concerns\\RoutesRequests.php(172): Laravel\\Lumen\\Application->sendThroughPipeline(Array, Object(Closure))
#14 C:\\Projects\\MRJG\\mrjg_admin_backend\\vendor\\laravel\\lumen-framework\\src\\Concerns\\RoutesRequests.php(109): Laravel\\Lumen\\Application->dispatch(NULL)
#15 C:\\Projects\\MRJG\\mrjg_admin_backend\\public\\index.php(28): Laravel\\Lumen\\Application->run()
#16 {main}

[previous exception] [object] (ReflectionException(code: -1): Class App\\Http\\Controllers\\GradeController does not exist at C:\\Projects\\MRJG\\mrjg_admin_backend\\vendor\\illuminate\\container\\Container.php:833)
[stacktrace]
#0 C:\\Projects\\MRJG\\mrjg_admin_backend\\vendor\\illuminate\\container\\Container.php(833): ReflectionClass->__construct('App\\\\Http\\\\Contro...')
#1 C:\\Projects\\MRJG\\mrjg_admin_backend\\vendor\\illuminate\\container\\Container.php(714): Illuminate\\Container\\Container->build('App\\\\Http\\\\Contro...')
#2 C:\\Projects\\MRJG\\mrjg_admin_backend\\vendor\\illuminate\\container\\Container.php(652): Illuminate\\Container\\Container->resolve('App\\\\Http\\\\Contro...', Array)
#3 C:\\Projects\\MRJG\\mrjg_admin_backend\\vendor\\laravel\\lumen-framework\\src\\Application.php(300): Illuminate\\Container\\Container->make('App\\\\Http\\\\Contro...', Array)
#4 C:\\Projects\\MRJG\\mrjg_admin_backend\\vendor\\laravel\\lumen-framework\\src\\Concerns\\RoutesRequests.php(321): Laravel\\Lumen\\Application->make('App\\\\Http\\\\Contro...')
#5 C:\\Projects\\MRJG\\mrjg_admin_backend\\vendor\\laravel\\lumen-framework\\src\\Concerns\\RoutesRequests.php(279): Laravel\\Lumen\\Application->callControllerAction(Array)
#6 C:\\Projects\\MRJG\\mrjg_admin_backend\\vendor\\laravel\\lumen-framework\\src\\Concerns\\RoutesRequests.php(264): Laravel\\Lumen\\Application->callActionOnArrayBasedRoute(Array)
#7 C:\\Projects\\MRJG\\mrjg_admin_backend\\vendor\\laravel\\lumen-framework\\src\\Concerns\\RoutesRequests.php(166): Laravel\\Lumen\\Application->handleFoundRoute(Array)
#8 C:\\Projects\\MRJG\\mrjg_admin_backend\\vendor\\laravel\\lumen-framework\\src\\Routing\\Pipeline.php(48): Laravel\\Lumen\\Application->Laravel\\Lumen\\Concerns\\{closure}(Object(Laravel\\Lumen\\Http\\Request))
#9 C:\\Projects\\MRJG\\mrjg_admin_backend\\app\\Http\\Middleware\\CorsMiddleware.php(30): Laravel\\Lumen\\Routing\\Pipeline->Laravel\\Lumen\\Routing\\{closure}(Object(Laravel\\Lumen\\Http\\Request))
#10 C:\\Projects\\MRJG\\mrjg_admin_backend\\vendor\\illuminate\\pipeline\\Pipeline.php(167): App\\Http\\Middleware\\CorsMiddleware->handle(Object(Laravel\\Lumen\\Http\\Request), Object(Closure))
#11 C:\\Projects\\MRJG\\mrjg_admin_backend\\vendor\\laravel\\lumen-framework\\src\\Routing\\Pipeline.php(30): Illuminate\\Pipeline\\Pipeline->Illuminate\\Pipeline\\{closure}(Object(Laravel\\Lumen\\Http\\Request))
#12 C:\\Projects\\MRJG\\mrjg_admin_backend\\vendor\\illuminate\\pipeline\\Pipeline.php(103): Laravel\\Lumen\\Routing\\Pipeline->Laravel\\Lumen\\Routing\\{closure}(Object(Laravel\\Lumen\\Http\\Request))
#13 C:\\Projects\\MRJG\\mrjg_admin_backend\\vendor\\laravel\\lumen-framework\\src\\Concerns\\RoutesRequests.php(423): Illuminate\\Pipeline\\Pipeline->then(Object(Closure))
#14 C:\\Projects\\MRJG\\mrjg_admin_backend\\vendor\\laravel\\lumen-framework\\src\\Concerns\\RoutesRequests.php(172): Laravel\\Lumen\\Application->sendThroughPipeline(Array, Object(Closure))
#15 C:\\Projects\\MRJG\\mrjg_admin_backend\\vendor\\laravel\\lumen-framework\\src\\Concerns\\RoutesRequests.php(109): Laravel\\Lumen\\Application->dispatch(NULL)
#16 C:\\Projects\\MRJG\\mrjg_admin_backend\\public\\index.php(28): Laravel\\Lumen\\Application->run()
#17 {main}
"} 
[2021-05-14 06:22:49] local.ERROR: SQLSTATE[42S22]: Column not found: 1054 Unknown column 'students.student_id' in 'where clause' (SQL: select * from `students` where `students`.`student_id` in (1)) {"exception":"[object] (Illuminate\\Database\\QueryException(code: 42S22): SQLSTATE[42S22]: Column not found: 1054 Unknown column 'students.student_id' in 'where clause' (SQL: select * from `students` where `students`.`student_id` in (1)) at C:\\Projects\\MRJG\\mrjg_admin_backend\\vendor\\illuminate\\database\\Connection.php:678)
[stacktrace]
#0 C:\\Projects\\MRJG\\mrjg_admin_backend\\vendor\\illuminate\\database\\Connection.php(638): Illuminate\\Database\\Connection->runQueryCallback('select * from `...', Array, Object(Closure))
#1 C:\\Projects\\MRJG\\mrjg_admin_backend\\vendor\\illuminate\\database\\Connection.php(346): Illuminate\\Database\\Connection->run('select * from `...', Array, Object(Closure))
#2 C:\\Projects\\MRJG\\mrjg_admin_backend\\vendor\\illuminate\\database\\Query\\Builder.php(2313): Illuminate\\Database\\Connection->select('select * from `...', Array, true)
#3 C:\\Projects\\MRJG\\mrjg_admin_backend\\vendor\\illuminate\\database\\Query\\Builder.php(2301): Illuminate\\Database\\Query\\Builder->runSelect()
#4 C:\\Projects\\MRJG\\mrjg_admin_backend\\vendor\\illuminate\\database\\Query\\Builder.php(2796): Illuminate\\Database\\Query\\Builder->Illuminate\\Database\\Query\\{closure}()
#5 C:\\Projects\\MRJG\\mrjg_admin_backend\\vendor\\illuminate\\database\\Query\\Builder.php(2302): Illuminate\\Database\\Query\\Builder->onceWithColumns(Array, Object(Closure))
#6 C:\\Projects\\MRJG\\mrjg_admin_backend\\vendor\\illuminate\\database\\Eloquent\\Builder.php(588): Illuminate\\Database\\Query\\Builder->get(Array)
#7 C:\\Projects\\MRJG\\mrjg_admin_backend\\vendor\\illuminate\\database\\Eloquent\\Builder.php(572): Illuminate\\Database\\Eloquent\\Builder->getModels(Array)
#8 C:\\Projects\\MRJG\\mrjg_admin_backend\\vendor\\illuminate\\database\\Eloquent\\Relations\\Relation.php(188): Illuminate\\Database\\Eloquent\\Builder->get(Array)
#9 C:\\Projects\\MRJG\\mrjg_admin_backend\\vendor\\illuminate\\database\\Eloquent\\Relations\\Relation.php(153): Illuminate\\Database\\Eloquent\\Relations\\Relation->get()
#10 C:\\Projects\\MRJG\\mrjg_admin_backend\\vendor\\illuminate\\database\\Eloquent\\Builder.php(636): Illuminate\\Database\\Eloquent\\Relations\\Relation->getEager()
#11 C:\\Projects\\MRJG\\mrjg_admin_backend\\vendor\\illuminate\\database\\Eloquent\\Builder.php(605): Illuminate\\Database\\Eloquent\\Builder->eagerLoadRelation(Array, 'student', Object(Closure))
#12 C:\\Projects\\MRJG\\mrjg_admin_backend\\vendor\\illuminate\\database\\Eloquent\\Builder.php(573): Illuminate\\Database\\Eloquent\\Builder->eagerLoadRelations(Array)
#13 C:\\Projects\\MRJG\\mrjg_admin_backend\\app\\Http\\Controllers\\GradesController.php(14): Illuminate\\Database\\Eloquent\\Builder->get()
#14 C:\\Projects\\MRJG\\mrjg_admin_backend\\vendor\\illuminate\\container\\BoundMethod.php(36): App\\Http\\Controllers\\GradesController->all()
#15 C:\\Projects\\MRJG\\mrjg_admin_backend\\vendor\\illuminate\\container\\Util.php(40): Illuminate\\Container\\BoundMethod::Illuminate\\Container\\{closure}()
#16 C:\\Projects\\MRJG\\mrjg_admin_backend\\vendor\\illuminate\\container\\BoundMethod.php(93): Illuminate\\Container\\Util::unwrapIfClosure(Object(Closure))
#17 C:\\Projects\\MRJG\\mrjg_admin_backend\\vendor\\illuminate\\container\\BoundMethod.php(37): Illuminate\\Container\\BoundMethod::callBoundMethod(Object(Laravel\\Lumen\\Application), Array, Object(Closure))
#18 C:\\Projects\\MRJG\\mrjg_admin_backend\\vendor\\illuminate\\container\\Container.php(611): Illuminate\\Container\\BoundMethod::call(Object(Laravel\\Lumen\\Application), Array, Array, NULL)
#19 C:\\Projects\\MRJG\\mrjg_admin_backend\\vendor\\laravel\\lumen-framework\\src\\Concerns\\RoutesRequests.php(386): Illuminate\\Container\\Container->call(Array, Array)
#20 C:\\Projects\\MRJG\\mrjg_admin_backend\\vendor\\laravel\\lumen-framework\\src\\Concerns\\RoutesRequests.php(352): Laravel\\Lumen\\Application->callControllerCallable(Array, Array)
#21 C:\\Projects\\MRJG\\mrjg_admin_backend\\vendor\\laravel\\lumen-framework\\src\\Concerns\\RoutesRequests.php(326): Laravel\\Lumen\\Application->callLumenController(Object(App\\Http\\Controllers\\GradesController), 'all', Array)
#22 C:\\Projects\\MRJG\\mrjg_admin_backend\\vendor\\laravel\\lumen-framework\\src\\Concerns\\RoutesRequests.php(279): Laravel\\Lumen\\Application->callControllerAction(Array)
#23 C:\\Projects\\MRJG\\mrjg_admin_backend\\vendor\\laravel\\lumen-framework\\src\\Concerns\\RoutesRequests.php(264): Laravel\\Lumen\\Application->callActionOnArrayBasedRoute(Array)
#24 C:\\Projects\\MRJG\\mrjg_admin_backend\\vendor\\laravel\\lumen-framework\\src\\Concerns\\RoutesRequests.php(166): Laravel\\Lumen\\Application->handleFoundRoute(Array)
#25 C:\\Projects\\MRJG\\mrjg_admin_backend\\vendor\\laravel\\lumen-framework\\src\\Routing\\Pipeline.php(48): Laravel\\Lumen\\Application->Laravel\\Lumen\\Concerns\\{closure}(Object(Laravel\\Lumen\\Http\\Request))
#26 C:\\Projects\\MRJG\\mrjg_admin_backend\\app\\Http\\Middleware\\CorsMiddleware.php(30): Laravel\\Lumen\\Routing\\Pipeline->Laravel\\Lumen\\Routing\\{closure}(Object(Laravel\\Lumen\\Http\\Request))
#27 C:\\Projects\\MRJG\\mrjg_admin_backend\\vendor\\illuminate\\pipeline\\Pipeline.php(167): App\\Http\\Middleware\\CorsMiddleware->handle(Object(Laravel\\Lumen\\Http\\Request), Object(Closure))
#28 C:\\Projects\\MRJG\\mrjg_admin_backend\\vendor\\laravel\\lumen-framework\\src\\Routing\\Pipeline.php(30): Illuminate\\Pipeline\\Pipeline->Illuminate\\Pipeline\\{closure}(Object(Laravel\\Lumen\\Http\\Request))
#29 C:\\Projects\\MRJG\\mrjg_admin_backend\\vendor\\illuminate\\pipeline\\Pipeline.php(103): Laravel\\Lumen\\Routing\\Pipeline->Laravel\\Lumen\\Routing\\{closure}(Object(Laravel\\Lumen\\Http\\Request))
#30 C:\\Projects\\MRJG\\mrjg_admin_backend\\vendor\\laravel\\lumen-framework\\src\\Concerns\\RoutesRequests.php(423): Illuminate\\Pipeline\\Pipeline->then(Object(Closure))
#31 C:\\Projects\\MRJG\\mrjg_admin_backend\\vendor\\laravel\\lumen-framework\\src\\Concerns\\RoutesRequests.php(172): Laravel\\Lumen\\Application->sendThroughPipeline(Array, Object(Closure))
#32 C:\\Projects\\MRJG\\mrjg_admin_backend\\vendor\\laravel\\lumen-framework\\src\\Concerns\\RoutesRequests.php(109): Laravel\\Lumen\\Application->dispatch(NULL)
#33 C:\\Projects\\MRJG\\mrjg_admin_backend\\public\\index.php(28): Laravel\\Lumen\\Application->run()
#34 {main}

[previous exception] [object] (PDOException(code: 42S22): SQLSTATE[42S22]: Column not found: 1054 Unknown column 'students.student_id' in 'where clause' at C:\\Projects\\MRJG\\mrjg_admin_backend\\vendor\\illuminate\\database\\Connection.php:338)
[stacktrace]
#0 C:\\Projects\\MRJG\\mrjg_admin_backend\\vendor\\illuminate\\database\\Connection.php(338): PDO->prepare('select * from `...')
#1 C:\\Projects\\MRJG\\mrjg_admin_backend\\vendor\\illuminate\\database\\Connection.php(671): Illuminate\\Database\\Connection->Illuminate\\Database\\{closure}('select * from `...', Array)
#2 C:\\Projects\\MRJG\\mrjg_admin_backend\\vendor\\illuminate\\database\\Connection.php(638): Illuminate\\Database\\Connection->runQueryCallback('select * from `...', Array, Object(Closure))
#3 C:\\Projects\\MRJG\\mrjg_admin_backend\\vendor\\illuminate\\database\\Connection.php(346): Illuminate\\Database\\Connection->run('select * from `...', Array, Object(Closure))
#4 C:\\Projects\\MRJG\\mrjg_admin_backend\\vendor\\illuminate\\database\\Query\\Builder.php(2313): Illuminate\\Database\\Connection->select('select * from `...', Array, true)
#5 C:\\Projects\\MRJG\\mrjg_admin_backend\\vendor\\illuminate\\database\\Query\\Builder.php(2301): Illuminate\\Database\\Query\\Builder->runSelect()
#6 C:\\Projects\\MRJG\\mrjg_admin_backend\\vendor\\illuminate\\database\\Query\\Builder.php(2796): Illuminate\\Database\\Query\\Builder->Illuminate\\Database\\Query\\{closure}()
#7 C:\\Projects\\MRJG\\mrjg_admin_backend\\vendor\\illuminate\\database\\Query\\Builder.php(2302): Illuminate\\Database\\Query\\Builder->onceWithColumns(Array, Object(Closure))
#8 C:\\Projects\\MRJG\\mrjg_admin_backend\\vendor\\illuminate\\database\\Eloquent\\Builder.php(588): Illuminate\\Database\\Query\\Builder->get(Array)
#9 C:\\Projects\\MRJG\\mrjg_admin_backend\\vendor\\illuminate\\database\\Eloquent\\Builder.php(572): Illuminate\\Database\\Eloquent\\Builder->getModels(Array)
#10 C:\\Projects\\MRJG\\mrjg_admin_backend\\vendor\\illuminate\\database\\Eloquent\\Relations\\Relation.php(188): Illuminate\\Database\\Eloquent\\Builder->get(Array)
#11 C:\\Projects\\MRJG\\mrjg_admin_backend\\vendor\\illuminate\\database\\Eloquent\\Relations\\Relation.php(153): Illuminate\\Database\\Eloquent\\Relations\\Relation->get()
#12 C:\\Projects\\MRJG\\mrjg_admin_backend\\vendor\\illuminate\\database\\Eloquent\\Builder.php(636): Illuminate\\Database\\Eloquent\\Relations\\Relation->getEager()
#13 C:\\Projects\\MRJG\\mrjg_admin_backend\\vendor\\illuminate\\database\\Eloquent\\Builder.php(605): Illuminate\\Database\\Eloquent\\Builder->eagerLoadRelation(Array, 'student', Object(Closure))
#14 C:\\Projects\\MRJG\\mrjg_admin_backend\\vendor\\illuminate\\database\\Eloquent\\Builder.php(573): Illuminate\\Database\\Eloquent\\Builder->eagerLoadRelations(Array)
#15 C:\\Projects\\MRJG\\mrjg_admin_backend\\app\\Http\\Controllers\\GradesController.php(14): Illuminate\\Database\\Eloquent\\Builder->get()
#16 C:\\Projects\\MRJG\\mrjg_admin_backend\\vendor\\illuminate\\container\\BoundMethod.php(36): App\\Http\\Controllers\\GradesController->all()
#17 C:\\Projects\\MRJG\\mrjg_admin_backend\\vendor\\illuminate\\container\\Util.php(40): Illuminate\\Container\\BoundMethod::Illuminate\\Container\\{closure}()
#18 C:\\Projects\\MRJG\\mrjg_admin_backend\\vendor\\illuminate\\container\\BoundMethod.php(93): Illuminate\\Container\\Util::unwrapIfClosure(Object(Closure))
#19 C:\\Projects\\MRJG\\mrjg_admin_backend\\vendor\\illuminate\\container\\BoundMethod.php(37): Illuminate\\Container\\BoundMethod::callBoundMethod(Object(Laravel\\Lumen\\Application), Array, Object(Closure))
#20 C:\\Projects\\MRJG\\mrjg_admin_backend\\vendor\\illuminate\\container\\Container.php(611): Illuminate\\Container\\BoundMethod::call(Object(Laravel\\Lumen\\Application), Array, Array, NULL)
#21 C:\\Projects\\MRJG\\mrjg_admin_backend\\vendor\\laravel\\lumen-framework\\src\\Concerns\\RoutesRequests.php(386): Illuminate\\Container\\Container->call(Array, Array)
#22 C:\\Projects\\MRJG\\mrjg_admin_backend\\vendor\\laravel\\lumen-framework\\src\\Concerns\\RoutesRequests.php(352): Laravel\\Lumen\\Application->callControllerCallable(Array, Array)
#23 C:\\Projects\\MRJG\\mrjg_admin_backend\\vendor\\laravel\\lumen-framework\\src\\Concerns\\RoutesRequests.php(326): Laravel\\Lumen\\Application->callLumenController(Object(App\\Http\\Controllers\\GradesController), 'all', Array)
#24 C:\\Projects\\MRJG\\mrjg_admin_backend\\vendor\\laravel\\lumen-framework\\src\\Concerns\\RoutesRequests.php(279): Laravel\\Lumen\\Application->callControllerAction(Array)
#25 C:\\Projects\\MRJG\\mrjg_admin_backend\\vendor\\laravel\\lumen-framework\\src\\Concerns\\RoutesRequests.php(264): Laravel\\Lumen\\Application->callActionOnArrayBasedRoute(Array)
#26 C:\\Projects\\MRJG\\mrjg_admin_backend\\vendor\\laravel\\lumen-framework\\src\\Concerns\\RoutesRequests.php(166): Laravel\\Lumen\\Application->handleFoundRoute(Array)
#27 C:\\Projects\\MRJG\\mrjg_admin_backend\\vendor\\laravel\\lumen-framework\\src\\Routing\\Pipeline.php(48): Laravel\\Lumen\\Application->Laravel\\Lumen\\Concerns\\{closure}(Object(Laravel\\Lumen\\Http\\Request))
#28 C:\\Projects\\MRJG\\mrjg_admin_backend\\app\\Http\\Middleware\\CorsMiddleware.php(30): Laravel\\Lumen\\Routing\\Pipeline->Laravel\\Lumen\\Routing\\{closure}(Object(Laravel\\Lumen\\Http\\Request))
#29 C:\\Projects\\MRJG\\mrjg_admin_backend\\vendor\\illuminate\\pipeline\\Pipeline.php(167): App\\Http\\Middleware\\CorsMiddleware->handle(Object(Laravel\\Lumen\\Http\\Request), Object(Closure))
#30 C:\\Projects\\MRJG\\mrjg_admin_backend\\vendor\\laravel\\lumen-framework\\src\\Routing\\Pipeline.php(30): Illuminate\\Pipeline\\Pipeline->Illuminate\\Pipeline\\{closure}(Object(Laravel\\Lumen\\Http\\Request))
#31 C:\\Projects\\MRJG\\mrjg_admin_backend\\vendor\\illuminate\\pipeline\\Pipeline.php(103): Laravel\\Lumen\\Routing\\Pipeline->Laravel\\Lumen\\Routing\\{closure}(Object(Laravel\\Lumen\\Http\\Request))
#32 C:\\Projects\\MRJG\\mrjg_admin_backend\\vendor\\laravel\\lumen-framework\\src\\Concerns\\RoutesRequests.php(423): Illuminate\\Pipeline\\Pipeline->then(Object(Closure))
#33 C:\\Projects\\MRJG\\mrjg_admin_backend\\vendor\\laravel\\lumen-framework\\src\\Concerns\\RoutesRequests.php(172): Laravel\\Lumen\\Application->sendThroughPipeline(Array, Object(Closure))
#34 C:\\Projects\\MRJG\\mrjg_admin_backend\\vendor\\laravel\\lumen-framework\\src\\Concerns\\RoutesRequests.php(109): Laravel\\Lumen\\Application->dispatch(NULL)
#35 C:\\Projects\\MRJG\\mrjg_admin_backend\\public\\index.php(28): Laravel\\Lumen\\Application->run()
#36 {main}
"} 
[2021-05-14 06:25:45] local.ERROR: Call to undefined relationship [student] on model [App\Grades]. {"exception":"[object] (Illuminate\\Database\\Eloquent\\RelationNotFoundException(code: 0): Call to undefined relationship [student] on model [App\\Grades]. at C:\\Projects\\MRJG\\mrjg_admin_backend\\vendor\\illuminate\\database\\Eloquent\\RelationNotFoundException.php:34)
[stacktrace]
#0 C:\\Projects\\MRJG\\mrjg_admin_backend\\vendor\\illuminate\\database\\Eloquent\\Builder.php(655): Illuminate\\Database\\Eloquent\\RelationNotFoundException::make(Object(App\\Grades), 'student')
#1 C:\\Projects\\MRJG\\mrjg_admin_backend\\vendor\\illuminate\\database\\Eloquent\\Relations\\Relation.php(99): Illuminate\\Database\\Eloquent\\Builder->Illuminate\\Database\\Eloquent\\{closure}()
#2 C:\\Projects\\MRJG\\mrjg_admin_backend\\vendor\\illuminate\\database\\Eloquent\\Builder.php(657): Illuminate\\Database\\Eloquent\\Relations\\Relation::noConstraints(Object(Closure))
#3 C:\\Projects\\MRJG\\mrjg_admin_backend\\vendor\\illuminate\\database\\Eloquent\\Builder.php(625): Illuminate\\Database\\Eloquent\\Builder->getRelation('student')
#4 C:\\Projects\\MRJG\\mrjg_admin_backend\\vendor\\illuminate\\database\\Eloquent\\Builder.php(605): Illuminate\\Database\\Eloquent\\Builder->eagerLoadRelation(Array, 'student', Object(Closure))
#5 C:\\Projects\\MRJG\\mrjg_admin_backend\\vendor\\illuminate\\database\\Eloquent\\Builder.php(573): Illuminate\\Database\\Eloquent\\Builder->eagerLoadRelations(Array)
#6 C:\\Projects\\MRJG\\mrjg_admin_backend\\app\\Http\\Controllers\\GradesController.php(14): Illuminate\\Database\\Eloquent\\Builder->get()
#7 C:\\Projects\\MRJG\\mrjg_admin_backend\\vendor\\illuminate\\container\\BoundMethod.php(36): App\\Http\\Controllers\\GradesController->all()
#8 C:\\Projects\\MRJG\\mrjg_admin_backend\\vendor\\illuminate\\container\\Util.php(40): Illuminate\\Container\\BoundMethod::Illuminate\\Container\\{closure}()
#9 C:\\Projects\\MRJG\\mrjg_admin_backend\\vendor\\illuminate\\container\\BoundMethod.php(93): Illuminate\\Container\\Util::unwrapIfClosure(Object(Closure))
#10 C:\\Projects\\MRJG\\mrjg_admin_backend\\vendor\\illuminate\\container\\BoundMethod.php(37): Illuminate\\Container\\BoundMethod::callBoundMethod(Object(Laravel\\Lumen\\Application), Array, Object(Closure))
#11 C:\\Projects\\MRJG\\mrjg_admin_backend\\vendor\\illuminate\\container\\Container.php(611): Illuminate\\Container\\BoundMethod::call(Object(Laravel\\Lumen\\Application), Array, Array, NULL)
#12 C:\\Projects\\MRJG\\mrjg_admin_backend\\vendor\\laravel\\lumen-framework\\src\\Concerns\\RoutesRequests.php(386): Illuminate\\Container\\Container->call(Array, Array)
#13 C:\\Projects\\MRJG\\mrjg_admin_backend\\vendor\\laravel\\lumen-framework\\src\\Concerns\\RoutesRequests.php(352): Laravel\\Lumen\\Application->callControllerCallable(Array, Array)
#14 C:\\Projects\\MRJG\\mrjg_admin_backend\\vendor\\laravel\\lumen-framework\\src\\Concerns\\RoutesRequests.php(326): Laravel\\Lumen\\Application->callLumenController(Object(App\\Http\\Controllers\\GradesController), 'all', Array)
#15 C:\\Projects\\MRJG\\mrjg_admin_backend\\vendor\\laravel\\lumen-framework\\src\\Concerns\\RoutesRequests.php(279): Laravel\\Lumen\\Application->callControllerAction(Array)
#16 C:\\Projects\\MRJG\\mrjg_admin_backend\\vendor\\laravel\\lumen-framework\\src\\Concerns\\RoutesRequests.php(264): Laravel\\Lumen\\Application->callActionOnArrayBasedRoute(Array)
#17 C:\\Projects\\MRJG\\mrjg_admin_backend\\vendor\\laravel\\lumen-framework\\src\\Concerns\\RoutesRequests.php(166): Laravel\\Lumen\\Application->handleFoundRoute(Array)
#18 C:\\Projects\\MRJG\\mrjg_admin_backend\\vendor\\laravel\\lumen-framework\\src\\Routing\\Pipeline.php(48): Laravel\\Lumen\\Application->Laravel\\Lumen\\Concerns\\{closure}(Object(Laravel\\Lumen\\Http\\Request))
#19 C:\\Projects\\MRJG\\mrjg_admin_backend\\app\\Http\\Middleware\\CorsMiddleware.php(30): Laravel\\Lumen\\Routing\\Pipeline->Laravel\\Lumen\\Routing\\{closure}(Object(Laravel\\Lumen\\Http\\Request))
#20 C:\\Projects\\MRJG\\mrjg_admin_backend\\vendor\\illuminate\\pipeline\\Pipeline.php(167): App\\Http\\Middleware\\CorsMiddleware->handle(Object(Laravel\\Lumen\\Http\\Request), Object(Closure))
#21 C:\\Projects\\MRJG\\mrjg_admin_backend\\vendor\\laravel\\lumen-framework\\src\\Routing\\Pipeline.php(30): Illuminate\\Pipeline\\Pipeline->Illuminate\\Pipeline\\{closure}(Object(Laravel\\Lumen\\Http\\Request))
#22 C:\\Projects\\MRJG\\mrjg_admin_backend\\vendor\\illuminate\\pipeline\\Pipeline.php(103): Laravel\\Lumen\\Routing\\Pipeline->Laravel\\Lumen\\Routing\\{closure}(Object(Laravel\\Lumen\\Http\\Request))
#23 C:\\Projects\\MRJG\\mrjg_admin_backend\\vendor\\laravel\\lumen-framework\\src\\Concerns\\RoutesRequests.php(423): Illuminate\\Pipeline\\Pipeline->then(Object(Closure))
#24 C:\\Projects\\MRJG\\mrjg_admin_backend\\vendor\\laravel\\lumen-framework\\src\\Concerns\\RoutesRequests.php(172): Laravel\\Lumen\\Application->sendThroughPipeline(Array, Object(Closure))
#25 C:\\Projects\\MRJG\\mrjg_admin_backend\\vendor\\laravel\\lumen-framework\\src\\Concerns\\RoutesRequests.php(109): Laravel\\Lumen\\Application->dispatch(NULL)
#26 C:\\Projects\\MRJG\\mrjg_admin_backend\\public\\index.php(28): Laravel\\Lumen\\Application->run()
#27 {main}
"} 
[2021-05-14 06:26:05] local.ERROR: Call to undefined relationship [student] on model [App\Grades]. {"exception":"[object] (Illuminate\\Database\\Eloquent\\RelationNotFoundException(code: 0): Call to undefined relationship [student] on model [App\\Grades]. at C:\\Projects\\MRJG\\mrjg_admin_backend\\vendor\\illuminate\\database\\Eloquent\\RelationNotFoundException.php:34)
[stacktrace]
#0 C:\\Projects\\MRJG\\mrjg_admin_backend\\vendor\\illuminate\\database\\Eloquent\\Builder.php(655): Illuminate\\Database\\Eloquent\\RelationNotFoundException::make(Object(App\\Grades), 'student')
#1 C:\\Projects\\MRJG\\mrjg_admin_backend\\vendor\\illuminate\\database\\Eloquent\\Relations\\Relation.php(99): Illuminate\\Database\\Eloquent\\Builder->Illuminate\\Database\\Eloquent\\{closure}()
#2 C:\\Projects\\MRJG\\mrjg_admin_backend\\vendor\\illuminate\\database\\Eloquent\\Builder.php(657): Illuminate\\Database\\Eloquent\\Relations\\Relation::noConstraints(Object(Closure))
#3 C:\\Projects\\MRJG\\mrjg_admin_backend\\vendor\\illuminate\\database\\Eloquent\\Builder.php(625): Illuminate\\Database\\Eloquent\\Builder->getRelation('student')
#4 C:\\Projects\\MRJG\\mrjg_admin_backend\\vendor\\illuminate\\database\\Eloquent\\Builder.php(605): Illuminate\\Database\\Eloquent\\Builder->eagerLoadRelation(Array, 'student', Object(Closure))
#5 C:\\Projects\\MRJG\\mrjg_admin_backend\\vendor\\illuminate\\database\\Eloquent\\Builder.php(573): Illuminate\\Database\\Eloquent\\Builder->eagerLoadRelations(Array)
#6 C:\\Projects\\MRJG\\mrjg_admin_backend\\app\\Http\\Controllers\\GradesController.php(14): Illuminate\\Database\\Eloquent\\Builder->get()
#7 C:\\Projects\\MRJG\\mrjg_admin_backend\\vendor\\illuminate\\container\\BoundMethod.php(36): App\\Http\\Controllers\\GradesController->all()
#8 C:\\Projects\\MRJG\\mrjg_admin_backend\\vendor\\illuminate\\container\\Util.php(40): Illuminate\\Container\\BoundMethod::Illuminate\\Container\\{closure}()
#9 C:\\Projects\\MRJG\\mrjg_admin_backend\\vendor\\illuminate\\container\\BoundMethod.php(93): Illuminate\\Container\\Util::unwrapIfClosure(Object(Closure))
#10 C:\\Projects\\MRJG\\mrjg_admin_backend\\vendor\\illuminate\\container\\BoundMethod.php(37): Illuminate\\Container\\BoundMethod::callBoundMethod(Object(Laravel\\Lumen\\Application), Array, Object(Closure))
#11 C:\\Projects\\MRJG\\mrjg_admin_backend\\vendor\\illuminate\\container\\Container.php(611): Illuminate\\Container\\BoundMethod::call(Object(Laravel\\Lumen\\Application), Array, Array, NULL)
#12 C:\\Projects\\MRJG\\mrjg_admin_backend\\vendor\\laravel\\lumen-framework\\src\\Concerns\\RoutesRequests.php(386): Illuminate\\Container\\Container->call(Array, Array)
#13 C:\\Projects\\MRJG\\mrjg_admin_backend\\vendor\\laravel\\lumen-framework\\src\\Concerns\\RoutesRequests.php(352): Laravel\\Lumen\\Application->callControllerCallable(Array, Array)
#14 C:\\Projects\\MRJG\\mrjg_admin_backend\\vendor\\laravel\\lumen-framework\\src\\Concerns\\RoutesRequests.php(326): Laravel\\Lumen\\Application->callLumenController(Object(App\\Http\\Controllers\\GradesController), 'all', Array)
#15 C:\\Projects\\MRJG\\mrjg_admin_backend\\vendor\\laravel\\lumen-framework\\src\\Concerns\\RoutesRequests.php(279): Laravel\\Lumen\\Application->callControllerAction(Array)
#16 C:\\Projects\\MRJG\\mrjg_admin_backend\\vendor\\laravel\\lumen-framework\\src\\Concerns\\RoutesRequests.php(264): Laravel\\Lumen\\Application->callActionOnArrayBasedRoute(Array)
#17 C:\\Projects\\MRJG\\mrjg_admin_backend\\vendor\\laravel\\lumen-framework\\src\\Concerns\\RoutesRequests.php(166): Laravel\\Lumen\\Application->handleFoundRoute(Array)
#18 C:\\Projects\\MRJG\\mrjg_admin_backend\\vendor\\laravel\\lumen-framework\\src\\Routing\\Pipeline.php(48): Laravel\\Lumen\\Application->Laravel\\Lumen\\Concerns\\{closure}(Object(Laravel\\Lumen\\Http\\Request))
#19 C:\\Projects\\MRJG\\mrjg_admin_backend\\app\\Http\\Middleware\\CorsMiddleware.php(30): Laravel\\Lumen\\Routing\\Pipeline->Laravel\\Lumen\\Routing\\{closure}(Object(Laravel\\Lumen\\Http\\Request))
#20 C:\\Projects\\MRJG\\mrjg_admin_backend\\vendor\\illuminate\\pipeline\\Pipeline.php(167): App\\Http\\Middleware\\CorsMiddleware->handle(Object(Laravel\\Lumen\\Http\\Request), Object(Closure))
#21 C:\\Projects\\MRJG\\mrjg_admin_backend\\vendor\\laravel\\lumen-framework\\src\\Routing\\Pipeline.php(30): Illuminate\\Pipeline\\Pipeline->Illuminate\\Pipeline\\{closure}(Object(Laravel\\Lumen\\Http\\Request))
#22 C:\\Projects\\MRJG\\mrjg_admin_backend\\vendor\\illuminate\\pipeline\\Pipeline.php(103): Laravel\\Lumen\\Routing\\Pipeline->Laravel\\Lumen\\Routing\\{closure}(Object(Laravel\\Lumen\\Http\\Request))
#23 C:\\Projects\\MRJG\\mrjg_admin_backend\\vendor\\laravel\\lumen-framework\\src\\Concerns\\RoutesRequests.php(423): Illuminate\\Pipeline\\Pipeline->then(Object(Closure))
#24 C:\\Projects\\MRJG\\mrjg_admin_backend\\vendor\\laravel\\lumen-framework\\src\\Concerns\\RoutesRequests.php(172): Laravel\\Lumen\\Application->sendThroughPipeline(Array, Object(Closure))
#25 C:\\Projects\\MRJG\\mrjg_admin_backend\\vendor\\laravel\\lumen-framework\\src\\Concerns\\RoutesRequests.php(109): Laravel\\Lumen\\Application->dispatch(NULL)
#26 C:\\Projects\\MRJG\\mrjg_admin_backend\\public\\index.php(28): Laravel\\Lumen\\Application->run()
#27 {main}
"} 
[2021-05-14 06:27:51] local.ERROR: Call to undefined relationship [student] on model [App\Grades]. {"exception":"[object] (Illuminate\\Database\\Eloquent\\RelationNotFoundException(code: 0): Call to undefined relationship [student] on model [App\\Grades]. at C:\\Projects\\MRJG\\mrjg_admin_backend\\vendor\\illuminate\\database\\Eloquent\\RelationNotFoundException.php:34)
[stacktrace]
#0 C:\\Projects\\MRJG\\mrjg_admin_backend\\vendor\\illuminate\\database\\Eloquent\\Builder.php(655): Illuminate\\Database\\Eloquent\\RelationNotFoundException::make(Object(App\\Grades), 'student')
#1 C:\\Projects\\MRJG\\mrjg_admin_backend\\vendor\\illuminate\\database\\Eloquent\\Relations\\Relation.php(99): Illuminate\\Database\\Eloquent\\Builder->Illuminate\\Database\\Eloquent\\{closure}()
#2 C:\\Projects\\MRJG\\mrjg_admin_backend\\vendor\\illuminate\\database\\Eloquent\\Builder.php(657): Illuminate\\Database\\Eloquent\\Relations\\Relation::noConstraints(Object(Closure))
#3 C:\\Projects\\MRJG\\mrjg_admin_backend\\vendor\\illuminate\\database\\Eloquent\\Builder.php(625): Illuminate\\Database\\Eloquent\\Builder->getRelation('student')
#4 C:\\Projects\\MRJG\\mrjg_admin_backend\\vendor\\illuminate\\database\\Eloquent\\Builder.php(605): Illuminate\\Database\\Eloquent\\Builder->eagerLoadRelation(Array, 'student', Object(Closure))
#5 C:\\Projects\\MRJG\\mrjg_admin_backend\\vendor\\illuminate\\database\\Eloquent\\Builder.php(573): Illuminate\\Database\\Eloquent\\Builder->eagerLoadRelations(Array)
#6 C:\\Projects\\MRJG\\mrjg_admin_backend\\app\\Http\\Controllers\\GradesController.php(14): Illuminate\\Database\\Eloquent\\Builder->get()
#7 C:\\Projects\\MRJG\\mrjg_admin_backend\\vendor\\illuminate\\container\\BoundMethod.php(36): App\\Http\\Controllers\\GradesController->all()
#8 C:\\Projects\\MRJG\\mrjg_admin_backend\\vendor\\illuminate\\container\\Util.php(40): Illuminate\\Container\\BoundMethod::Illuminate\\Container\\{closure}()
#9 C:\\Projects\\MRJG\\mrjg_admin_backend\\vendor\\illuminate\\container\\BoundMethod.php(93): Illuminate\\Container\\Util::unwrapIfClosure(Object(Closure))
#10 C:\\Projects\\MRJG\\mrjg_admin_backend\\vendor\\illuminate\\container\\BoundMethod.php(37): Illuminate\\Container\\BoundMethod::callBoundMethod(Object(Laravel\\Lumen\\Application), Array, Object(Closure))
#11 C:\\Projects\\MRJG\\mrjg_admin_backend\\vendor\\illuminate\\container\\Container.php(611): Illuminate\\Container\\BoundMethod::call(Object(Laravel\\Lumen\\Application), Array, Array, NULL)
#12 C:\\Projects\\MRJG\\mrjg_admin_backend\\vendor\\laravel\\lumen-framework\\src\\Concerns\\RoutesRequests.php(386): Illuminate\\Container\\Container->call(Array, Array)
#13 C:\\Projects\\MRJG\\mrjg_admin_backend\\vendor\\laravel\\lumen-framework\\src\\Concerns\\RoutesRequests.php(352): Laravel\\Lumen\\Application->callControllerCallable(Array, Array)
#14 C:\\Projects\\MRJG\\mrjg_admin_backend\\vendor\\laravel\\lumen-framework\\src\\Concerns\\RoutesRequests.php(326): Laravel\\Lumen\\Application->callLumenController(Object(App\\Http\\Controllers\\GradesController), 'all', Array)
#15 C:\\Projects\\MRJG\\mrjg_admin_backend\\vendor\\laravel\\lumen-framework\\src\\Concerns\\RoutesRequests.php(279): Laravel\\Lumen\\Application->callControllerAction(Array)
#16 C:\\Projects\\MRJG\\mrjg_admin_backend\\vendor\\laravel\\lumen-framework\\src\\Concerns\\RoutesRequests.php(264): Laravel\\Lumen\\Application->callActionOnArrayBasedRoute(Array)
#17 C:\\Projects\\MRJG\\mrjg_admin_backend\\vendor\\laravel\\lumen-framework\\src\\Concerns\\RoutesRequests.php(166): Laravel\\Lumen\\Application->handleFoundRoute(Array)
#18 C:\\Projects\\MRJG\\mrjg_admin_backend\\vendor\\laravel\\lumen-framework\\src\\Routing\\Pipeline.php(48): Laravel\\Lumen\\Application->Laravel\\Lumen\\Concerns\\{closure}(Object(Laravel\\Lumen\\Http\\Request))
#19 C:\\Projects\\MRJG\\mrjg_admin_backend\\app\\Http\\Middleware\\CorsMiddleware.php(30): Laravel\\Lumen\\Routing\\Pipeline->Laravel\\Lumen\\Routing\\{closure}(Object(Laravel\\Lumen\\Http\\Request))
#20 C:\\Projects\\MRJG\\mrjg_admin_backend\\vendor\\illuminate\\pipeline\\Pipeline.php(167): App\\Http\\Middleware\\CorsMiddleware->handle(Object(Laravel\\Lumen\\Http\\Request), Object(Closure))
#21 C:\\Projects\\MRJG\\mrjg_admin_backend\\vendor\\laravel\\lumen-framework\\src\\Routing\\Pipeline.php(30): Illuminate\\Pipeline\\Pipeline->Illuminate\\Pipeline\\{closure}(Object(Laravel\\Lumen\\Http\\Request))
#22 C:\\Projects\\MRJG\\mrjg_admin_backend\\vendor\\illuminate\\pipeline\\Pipeline.php(103): Laravel\\Lumen\\Routing\\Pipeline->Laravel\\Lumen\\Routing\\{closure}(Object(Laravel\\Lumen\\Http\\Request))
#23 C:\\Projects\\MRJG\\mrjg_admin_backend\\vendor\\laravel\\lumen-framework\\src\\Concerns\\RoutesRequests.php(423): Illuminate\\Pipeline\\Pipeline->then(Object(Closure))
#24 C:\\Projects\\MRJG\\mrjg_admin_backend\\vendor\\laravel\\lumen-framework\\src\\Concerns\\RoutesRequests.php(172): Laravel\\Lumen\\Application->sendThroughPipeline(Array, Object(Closure))
#25 C:\\Projects\\MRJG\\mrjg_admin_backend\\vendor\\laravel\\lumen-framework\\src\\Concerns\\RoutesRequests.php(109): Laravel\\Lumen\\Application->dispatch(NULL)
#26 C:\\Projects\\MRJG\\mrjg_admin_backend\\public\\index.php(28): Laravel\\Lumen\\Application->run()
#27 {main}
"} 
[2021-05-14 06:41:43] local.ERROR: SQLSTATE[42S22]: Column not found: 1054 Unknown column 'updated_at' in 'field list' (SQL: insert into `grades` (`student_id`, `subject_id`, `grade`, `updated_at`, `created_at`) values (4, 1, 5, 2021-05-14 06:41:43, 2021-05-14 06:41:43)) {"exception":"[object] (Illuminate\\Database\\QueryException(code: 42S22): SQLSTATE[42S22]: Column not found: 1054 Unknown column 'updated_at' in 'field list' (SQL: insert into `grades` (`student_id`, `subject_id`, `grade`, `updated_at`, `created_at`) values (4, 1, 5, 2021-05-14 06:41:43, 2021-05-14 06:41:43)) at C:\\Projects\\MRJG\\mrjg_admin_backend\\vendor\\illuminate\\database\\Connection.php:678)
[stacktrace]
#0 C:\\Projects\\MRJG\\mrjg_admin_backend\\vendor\\illuminate\\database\\Connection.php(638): Illuminate\\Database\\Connection->runQueryCallback('insert into `gr...', Array, Object(Closure))
#1 C:\\Projects\\MRJG\\mrjg_admin_backend\\vendor\\illuminate\\database\\Connection.php(472): Illuminate\\Database\\Connection->run('insert into `gr...', Array, Object(Closure))
#2 C:\\Projects\\MRJG\\mrjg_admin_backend\\vendor\\illuminate\\database\\Connection.php(424): Illuminate\\Database\\Connection->statement('insert into `gr...', Array)
#3 C:\\Projects\\MRJG\\mrjg_admin_backend\\vendor\\illuminate\\database\\Query\\Processors\\Processor.php(32): Illuminate\\Database\\Connection->insert('insert into `gr...', Array)
#4 C:\\Projects\\MRJG\\mrjg_admin_backend\\vendor\\illuminate\\database\\Query\\Builder.php(2882): Illuminate\\Database\\Query\\Processors\\Processor->processInsertGetId(Object(Illuminate\\Database\\Query\\Builder), 'insert into `gr...', Array, 'id')
#5 C:\\Projects\\MRJG\\mrjg_admin_backend\\vendor\\illuminate\\database\\Eloquent\\Builder.php(1560): Illuminate\\Database\\Query\\Builder->insertGetId(Array, 'id')
#6 C:\\Projects\\MRJG\\mrjg_admin_backend\\vendor\\illuminate\\database\\Eloquent\\Model.php(1052): Illuminate\\Database\\Eloquent\\Builder->__call('insertGetId', Array)
#7 C:\\Projects\\MRJG\\mrjg_admin_backend\\vendor\\illuminate\\database\\Eloquent\\Model.php(1017): Illuminate\\Database\\Eloquent\\Model->insertAndSetId(Object(Illuminate\\Database\\Eloquent\\Builder), Array)
#8 C:\\Projects\\MRJG\\mrjg_admin_backend\\vendor\\illuminate\\database\\Eloquent\\Model.php(858): Illuminate\\Database\\Eloquent\\Model->performInsert(Object(Illuminate\\Database\\Eloquent\\Builder))
#9 C:\\Projects\\MRJG\\mrjg_admin_backend\\app\\Http\\Controllers\\GradesController.php(42): Illuminate\\Database\\Eloquent\\Model->save()
#10 C:\\Projects\\MRJG\\mrjg_admin_backend\\vendor\\illuminate\\container\\BoundMethod.php(36): App\\Http\\Controllers\\GradesController->create(Object(Laravel\\Lumen\\Http\\Request))
#11 C:\\Projects\\MRJG\\mrjg_admin_backend\\vendor\\illuminate\\container\\Util.php(40): Illuminate\\Container\\BoundMethod::Illuminate\\Container\\{closure}()
#12 C:\\Projects\\MRJG\\mrjg_admin_backend\\vendor\\illuminate\\container\\BoundMethod.php(93): Illuminate\\Container\\Util::unwrapIfClosure(Object(Closure))
#13 C:\\Projects\\MRJG\\mrjg_admin_backend\\vendor\\illuminate\\container\\BoundMethod.php(37): Illuminate\\Container\\BoundMethod::callBoundMethod(Object(Laravel\\Lumen\\Application), Array, Object(Closure))
#14 C:\\Projects\\MRJG\\mrjg_admin_backend\\vendor\\illuminate\\container\\Container.php(611): Illuminate\\Container\\BoundMethod::call(Object(Laravel\\Lumen\\Application), Array, Array, NULL)
#15 C:\\Projects\\MRJG\\mrjg_admin_backend\\vendor\\laravel\\lumen-framework\\src\\Concerns\\RoutesRequests.php(386): Illuminate\\Container\\Container->call(Array, Array)
#16 C:\\Projects\\MRJG\\mrjg_admin_backend\\vendor\\laravel\\lumen-framework\\src\\Concerns\\RoutesRequests.php(352): Laravel\\Lumen\\Application->callControllerCallable(Array, Array)
#17 C:\\Projects\\MRJG\\mrjg_admin_backend\\vendor\\laravel\\lumen-framework\\src\\Concerns\\RoutesRequests.php(326): Laravel\\Lumen\\Application->callLumenController(Object(App\\Http\\Controllers\\GradesController), 'create', Array)
#18 C:\\Projects\\MRJG\\mrjg_admin_backend\\vendor\\laravel\\lumen-framework\\src\\Concerns\\RoutesRequests.php(279): Laravel\\Lumen\\Application->callControllerAction(Array)
#19 C:\\Projects\\MRJG\\mrjg_admin_backend\\vendor\\laravel\\lumen-framework\\src\\Concerns\\RoutesRequests.php(264): Laravel\\Lumen\\Application->callActionOnArrayBasedRoute(Array)
#20 C:\\Projects\\MRJG\\mrjg_admin_backend\\vendor\\laravel\\lumen-framework\\src\\Concerns\\RoutesRequests.php(166): Laravel\\Lumen\\Application->handleFoundRoute(Array)
#21 C:\\Projects\\MRJG\\mrjg_admin_backend\\vendor\\laravel\\lumen-framework\\src\\Routing\\Pipeline.php(48): Laravel\\Lumen\\Application->Laravel\\Lumen\\Concerns\\{closure}(Object(Laravel\\Lumen\\Http\\Request))
#22 C:\\Projects\\MRJG\\mrjg_admin_backend\\app\\Http\\Middleware\\CorsMiddleware.php(30): Laravel\\Lumen\\Routing\\Pipeline->Laravel\\Lumen\\Routing\\{closure}(Object(Laravel\\Lumen\\Http\\Request))
#23 C:\\Projects\\MRJG\\mrjg_admin_backend\\vendor\\illuminate\\pipeline\\Pipeline.php(167): App\\Http\\Middleware\\CorsMiddleware->handle(Object(Laravel\\Lumen\\Http\\Request), Object(Closure))
#24 C:\\Projects\\MRJG\\mrjg_admin_backend\\vendor\\laravel\\lumen-framework\\src\\Routing\\Pipeline.php(30): Illuminate\\Pipeline\\Pipeline->Illuminate\\Pipeline\\{closure}(Object(Laravel\\Lumen\\Http\\Request))
#25 C:\\Projects\\MRJG\\mrjg_admin_backend\\vendor\\illuminate\\pipeline\\Pipeline.php(103): Laravel\\Lumen\\Routing\\Pipeline->Laravel\\Lumen\\Routing\\{closure}(Object(Laravel\\Lumen\\Http\\Request))
#26 C:\\Projects\\MRJG\\mrjg_admin_backend\\vendor\\laravel\\lumen-framework\\src\\Concerns\\RoutesRequests.php(423): Illuminate\\Pipeline\\Pipeline->then(Object(Closure))
#27 C:\\Projects\\MRJG\\mrjg_admin_backend\\vendor\\laravel\\lumen-framework\\src\\Concerns\\RoutesRequests.php(172): Laravel\\Lumen\\Application->sendThroughPipeline(Array, Object(Closure))
#28 C:\\Projects\\MRJG\\mrjg_admin_backend\\vendor\\laravel\\lumen-framework\\src\\Concerns\\RoutesRequests.php(109): Laravel\\Lumen\\Application->dispatch(NULL)
#29 C:\\Projects\\MRJG\\mrjg_admin_backend\\public\\index.php(28): Laravel\\Lumen\\Application->run()
#30 {main}

[previous exception] [object] (PDOException(code: 42S22): SQLSTATE[42S22]: Column not found: 1054 Unknown column 'updated_at' in 'field list' at C:\\Projects\\MRJG\\mrjg_admin_backend\\vendor\\illuminate\\database\\Connection.php:465)
[stacktrace]
#0 C:\\Projects\\MRJG\\mrjg_admin_backend\\vendor\\illuminate\\database\\Connection.php(465): PDO->prepare('insert into `gr...')
#1 C:\\Projects\\MRJG\\mrjg_admin_backend\\vendor\\illuminate\\database\\Connection.php(671): Illuminate\\Database\\Connection->Illuminate\\Database\\{closure}('insert into `gr...', Array)
#2 C:\\Projects\\MRJG\\mrjg_admin_backend\\vendor\\illuminate\\database\\Connection.php(638): Illuminate\\Database\\Connection->runQueryCallback('insert into `gr...', Array, Object(Closure))
#3 C:\\Projects\\MRJG\\mrjg_admin_backend\\vendor\\illuminate\\database\\Connection.php(472): Illuminate\\Database\\Connection->run('insert into `gr...', Array, Object(Closure))
#4 C:\\Projects\\MRJG\\mrjg_admin_backend\\vendor\\illuminate\\database\\Connection.php(424): Illuminate\\Database\\Connection->statement('insert into `gr...', Array)
#5 C:\\Projects\\MRJG\\mrjg_admin_backend\\vendor\\illuminate\\database\\Query\\Processors\\Processor.php(32): Illuminate\\Database\\Connection->insert('insert into `gr...', Array)
#6 C:\\Projects\\MRJG\\mrjg_admin_backend\\vendor\\illuminate\\database\\Query\\Builder.php(2882): Illuminate\\Database\\Query\\Processors\\Processor->processInsertGetId(Object(Illuminate\\Database\\Query\\Builder), 'insert into `gr...', Array, 'id')
#7 C:\\Projects\\MRJG\\mrjg_admin_backend\\vendor\\illuminate\\database\\Eloquent\\Builder.php(1560): Illuminate\\Database\\Query\\Builder->insertGetId(Array, 'id')
#8 C:\\Projects\\MRJG\\mrjg_admin_backend\\vendor\\illuminate\\database\\Eloquent\\Model.php(1052): Illuminate\\Database\\Eloquent\\Builder->__call('insertGetId', Array)
#9 C:\\Projects\\MRJG\\mrjg_admin_backend\\vendor\\illuminate\\database\\Eloquent\\Model.php(1017): Illuminate\\Database\\Eloquent\\Model->insertAndSetId(Object(Illuminate\\Database\\Eloquent\\Builder), Array)
#10 C:\\Projects\\MRJG\\mrjg_admin_backend\\vendor\\illuminate\\database\\Eloquent\\Model.php(858): Illuminate\\Database\\Eloquent\\Model->performInsert(Object(Illuminate\\Database\\Eloquent\\Builder))
#11 C:\\Projects\\MRJG\\mrjg_admin_backend\\app\\Http\\Controllers\\GradesController.php(42): Illuminate\\Database\\Eloquent\\Model->save()
#12 C:\\Projects\\MRJG\\mrjg_admin_backend\\vendor\\illuminate\\container\\BoundMethod.php(36): App\\Http\\Controllers\\GradesController->create(Object(Laravel\\Lumen\\Http\\Request))
#13 C:\\Projects\\MRJG\\mrjg_admin_backend\\vendor\\illuminate\\container\\Util.php(40): Illuminate\\Container\\BoundMethod::Illuminate\\Container\\{closure}()
#14 C:\\Projects\\MRJG\\mrjg_admin_backend\\vendor\\illuminate\\container\\BoundMethod.php(93): Illuminate\\Container\\Util::unwrapIfClosure(Object(Closure))
#15 C:\\Projects\\MRJG\\mrjg_admin_backend\\vendor\\illuminate\\container\\BoundMethod.php(37): Illuminate\\Container\\BoundMethod::callBoundMethod(Object(Laravel\\Lumen\\Application), Array, Object(Closure))
#16 C:\\Projects\\MRJG\\mrjg_admin_backend\\vendor\\illuminate\\container\\Container.php(611): Illuminate\\Container\\BoundMethod::call(Object(Laravel\\Lumen\\Application), Array, Array, NULL)
#17 C:\\Projects\\MRJG\\mrjg_admin_backend\\vendor\\laravel\\lumen-framework\\src\\Concerns\\RoutesRequests.php(386): Illuminate\\Container\\Container->call(Array, Array)
#18 C:\\Projects\\MRJG\\mrjg_admin_backend\\vendor\\laravel\\lumen-framework\\src\\Concerns\\RoutesRequests.php(352): Laravel\\Lumen\\Application->callControllerCallable(Array, Array)
#19 C:\\Projects\\MRJG\\mrjg_admin_backend\\vendor\\laravel\\lumen-framework\\src\\Concerns\\RoutesRequests.php(326): Laravel\\Lumen\\Application->callLumenController(Object(App\\Http\\Controllers\\GradesController), 'create', Array)
#20 C:\\Projects\\MRJG\\mrjg_admin_backend\\vendor\\laravel\\lumen-framework\\src\\Concerns\\RoutesRequests.php(279): Laravel\\Lumen\\Application->callControllerAction(Array)
#21 C:\\Projects\\MRJG\\mrjg_admin_backend\\vendor\\laravel\\lumen-framework\\src\\Concerns\\RoutesRequests.php(264): Laravel\\Lumen\\Application->callActionOnArrayBasedRoute(Array)
#22 C:\\Projects\\MRJG\\mrjg_admin_backend\\vendor\\laravel\\lumen-framework\\src\\Concerns\\RoutesRequests.php(166): Laravel\\Lumen\\Application->handleFoundRoute(Array)
#23 C:\\Projects\\MRJG\\mrjg_admin_backend\\vendor\\laravel\\lumen-framework\\src\\Routing\\Pipeline.php(48): Laravel\\Lumen\\Application->Laravel\\Lumen\\Concerns\\{closure}(Object(Laravel\\Lumen\\Http\\Request))
#24 C:\\Projects\\MRJG\\mrjg_admin_backend\\app\\Http\\Middleware\\CorsMiddleware.php(30): Laravel\\Lumen\\Routing\\Pipeline->Laravel\\Lumen\\Routing\\{closure}(Object(Laravel\\Lumen\\Http\\Request))
#25 C:\\Projects\\MRJG\\mrjg_admin_backend\\vendor\\illuminate\\pipeline\\Pipeline.php(167): App\\Http\\Middleware\\CorsMiddleware->handle(Object(Laravel\\Lumen\\Http\\Request), Object(Closure))
#26 C:\\Projects\\MRJG\\mrjg_admin_backend\\vendor\\laravel\\lumen-framework\\src\\Routing\\Pipeline.php(30): Illuminate\\Pipeline\\Pipeline->Illuminate\\Pipeline\\{closure}(Object(Laravel\\Lumen\\Http\\Request))
#27 C:\\Projects\\MRJG\\mrjg_admin_backend\\vendor\\illuminate\\pipeline\\Pipeline.php(103): Laravel\\Lumen\\Routing\\Pipeline->Laravel\\Lumen\\Routing\\{closure}(Object(Laravel\\Lumen\\Http\\Request))
#28 C:\\Projects\\MRJG\\mrjg_admin_backend\\vendor\\laravel\\lumen-framework\\src\\Concerns\\RoutesRequests.php(423): Illuminate\\Pipeline\\Pipeline->then(Object(Closure))
#29 C:\\Projects\\MRJG\\mrjg_admin_backend\\vendor\\laravel\\lumen-framework\\src\\Concerns\\RoutesRequests.php(172): Laravel\\Lumen\\Application->sendThroughPipeline(Array, Object(Closure))
#30 C:\\Projects\\MRJG\\mrjg_admin_backend\\vendor\\laravel\\lumen-framework\\src\\Concerns\\RoutesRequests.php(109): Laravel\\Lumen\\Application->dispatch(NULL)
#31 C:\\Projects\\MRJG\\mrjg_admin_backend\\public\\index.php(28): Laravel\\Lumen\\Application->run()
#32 {main}
"} 
[2021-05-14 06:51:18] local.ERROR: Call to undefined relationship [student] on model [App\Grades]. {"exception":"[object] (Illuminate\\Database\\Eloquent\\RelationNotFoundException(code: 0): Call to undefined relationship [student] on model [App\\Grades]. at C:\\Projects\\MRJG\\mrjg_admin_backend\\vendor\\illuminate\\database\\Eloquent\\RelationNotFoundException.php:34)
[stacktrace]
#0 C:\\Projects\\MRJG\\mrjg_admin_backend\\vendor\\illuminate\\database\\Eloquent\\Builder.php(655): Illuminate\\Database\\Eloquent\\RelationNotFoundException::make(Object(App\\Grades), 'student')
#1 C:\\Projects\\MRJG\\mrjg_admin_backend\\vendor\\illuminate\\database\\Eloquent\\Relations\\Relation.php(99): Illuminate\\Database\\Eloquent\\Builder->Illuminate\\Database\\Eloquent\\{closure}()
#2 C:\\Projects\\MRJG\\mrjg_admin_backend\\vendor\\illuminate\\database\\Eloquent\\Builder.php(657): Illuminate\\Database\\Eloquent\\Relations\\Relation::noConstraints(Object(Closure))
#3 C:\\Projects\\MRJG\\mrjg_admin_backend\\vendor\\illuminate\\database\\Eloquent\\Builder.php(625): Illuminate\\Database\\Eloquent\\Builder->getRelation('student')
#4 C:\\Projects\\MRJG\\mrjg_admin_backend\\vendor\\illuminate\\database\\Eloquent\\Builder.php(605): Illuminate\\Database\\Eloquent\\Builder->eagerLoadRelation(Array, 'student', Object(Closure))
#5 C:\\Projects\\MRJG\\mrjg_admin_backend\\vendor\\illuminate\\database\\Eloquent\\Builder.php(573): Illuminate\\Database\\Eloquent\\Builder->eagerLoadRelations(Array)
#6 C:\\Projects\\MRJG\\mrjg_admin_backend\\app\\Http\\Controllers\\GradesController.php(15): Illuminate\\Database\\Eloquent\\Builder->get()
#7 C:\\Projects\\MRJG\\mrjg_admin_backend\\vendor\\illuminate\\container\\BoundMethod.php(36): App\\Http\\Controllers\\GradesController->all()
#8 C:\\Projects\\MRJG\\mrjg_admin_backend\\vendor\\illuminate\\container\\Util.php(40): Illuminate\\Container\\BoundMethod::Illuminate\\Container\\{closure}()
#9 C:\\Projects\\MRJG\\mrjg_admin_backend\\vendor\\illuminate\\container\\BoundMethod.php(93): Illuminate\\Container\\Util::unwrapIfClosure(Object(Closure))
#10 C:\\Projects\\MRJG\\mrjg_admin_backend\\vendor\\illuminate\\container\\BoundMethod.php(37): Illuminate\\Container\\BoundMethod::callBoundMethod(Object(Laravel\\Lumen\\Application), Array, Object(Closure))
#11 C:\\Projects\\MRJG\\mrjg_admin_backend\\vendor\\illuminate\\container\\Container.php(611): Illuminate\\Container\\BoundMethod::call(Object(Laravel\\Lumen\\Application), Array, Array, NULL)
#12 C:\\Projects\\MRJG\\mrjg_admin_backend\\vendor\\laravel\\lumen-framework\\src\\Concerns\\RoutesRequests.php(386): Illuminate\\Container\\Container->call(Array, Array)
#13 C:\\Projects\\MRJG\\mrjg_admin_backend\\vendor\\laravel\\lumen-framework\\src\\Concerns\\RoutesRequests.php(352): Laravel\\Lumen\\Application->callControllerCallable(Array, Array)
#14 C:\\Projects\\MRJG\\mrjg_admin_backend\\vendor\\laravel\\lumen-framework\\src\\Concerns\\RoutesRequests.php(326): Laravel\\Lumen\\Application->callLumenController(Object(App\\Http\\Controllers\\GradesController), 'all', Array)
#15 C:\\Projects\\MRJG\\mrjg_admin_backend\\vendor\\laravel\\lumen-framework\\src\\Concerns\\RoutesRequests.php(279): Laravel\\Lumen\\Application->callControllerAction(Array)
#16 C:\\Projects\\MRJG\\mrjg_admin_backend\\vendor\\laravel\\lumen-framework\\src\\Concerns\\RoutesRequests.php(264): Laravel\\Lumen\\Application->callActionOnArrayBasedRoute(Array)
#17 C:\\Projects\\MRJG\\mrjg_admin_backend\\vendor\\laravel\\lumen-framework\\src\\Concerns\\RoutesRequests.php(166): Laravel\\Lumen\\Application->handleFoundRoute(Array)
#18 C:\\Projects\\MRJG\\mrjg_admin_backend\\vendor\\laravel\\lumen-framework\\src\\Routing\\Pipeline.php(48): Laravel\\Lumen\\Application->Laravel\\Lumen\\Concerns\\{closure}(Object(Laravel\\Lumen\\Http\\Request))
#19 C:\\Projects\\MRJG\\mrjg_admin_backend\\app\\Http\\Middleware\\CorsMiddleware.php(30): Laravel\\Lumen\\Routing\\Pipeline->Laravel\\Lumen\\Routing\\{closure}(Object(Laravel\\Lumen\\Http\\Request))
#20 C:\\Projects\\MRJG\\mrjg_admin_backend\\vendor\\illuminate\\pipeline\\Pipeline.php(167): App\\Http\\Middleware\\CorsMiddleware->handle(Object(Laravel\\Lumen\\Http\\Request), Object(Closure))
#21 C:\\Projects\\MRJG\\mrjg_admin_backend\\vendor\\laravel\\lumen-framework\\src\\Routing\\Pipeline.php(30): Illuminate\\Pipeline\\Pipeline->Illuminate\\Pipeline\\{closure}(Object(Laravel\\Lumen\\Http\\Request))
#22 C:\\Projects\\MRJG\\mrjg_admin_backend\\vendor\\illuminate\\pipeline\\Pipeline.php(103): Laravel\\Lumen\\Routing\\Pipeline->Laravel\\Lumen\\Routing\\{closure}(Object(Laravel\\Lumen\\Http\\Request))
#23 C:\\Projects\\MRJG\\mrjg_admin_backend\\vendor\\laravel\\lumen-framework\\src\\Concerns\\RoutesRequests.php(423): Illuminate\\Pipeline\\Pipeline->then(Object(Closure))
#24 C:\\Projects\\MRJG\\mrjg_admin_backend\\vendor\\laravel\\lumen-framework\\src\\Concerns\\RoutesRequests.php(172): Laravel\\Lumen\\Application->sendThroughPipeline(Array, Object(Closure))
#25 C:\\Projects\\MRJG\\mrjg_admin_backend\\vendor\\laravel\\lumen-framework\\src\\Concerns\\RoutesRequests.php(109): Laravel\\Lumen\\Application->dispatch(NULL)
#26 C:\\Projects\\MRJG\\mrjg_admin_backend\\public\\index.php(28): Laravel\\Lumen\\Application->run()
#27 {main}
"} 
