[2021-05-11 04:51:45] local.ERROR: SQLSTATE[23000]: Integrity constraint violation: 1452 Cannot add or update a child row: a foreign key constraint fails (`mrjg_admin`.`teacher_classroom_relations`, CONSTRAINT `teacher_classroom_relations_classroom_id_foreign` FOREIGN KEY (`classroom_id`) REFERENCES `classrooms` (`id`)) (SQL: insert into `teacher_classroom_relations` (`classroom_id`, `teacher_id`) values (4, 3)) {"exception":"[object] (Illuminate\\Database\\QueryException(code: 23000): SQLSTATE[23000]: Integrity constraint violation: 1452 Cannot add or update a child row: a foreign key constraint fails (`mrjg_admin`.`teacher_classroom_relations`, CONSTRAINT `teacher_classroom_relations_classroom_id_foreign` FOREIGN KEY (`classroom_id`) REFERENCES `classrooms` (`id`)) (SQL: insert into `teacher_classroom_relations` (`classroom_id`, `teacher_id`) values (4, 3)) at C:\\Projects\\MRJG\\mrjg_admin_backend\\vendor\\illuminate\\database\\Connection.php:678)
[stacktrace]
#0 C:\\Projects\\MRJG\\mrjg_admin_backend\\vendor\\illuminate\\database\\Connection.php(638): Illuminate\\Database\\Connection->runQueryCallback('insert into `te...', Array, Object(Closure))
#1 C:\\Projects\\MRJG\\mrjg_admin_backend\\vendor\\illuminate\\database\\Connection.php(472): Illuminate\\Database\\Connection->run('insert into `te...', Array, Object(Closure))
#2 C:\\Projects\\MRJG\\mrjg_admin_backend\\vendor\\illuminate\\database\\Connection.php(424): Illuminate\\Database\\Connection->statement('insert into `te...', Array)
#3 C:\\Projects\\MRJG\\mrjg_admin_backend\\vendor\\illuminate\\database\\Query\\Builder.php(2838): Illuminate\\Database\\Connection->insert('insert into `te...', Array)
#4 C:\\Projects\\MRJG\\mrjg_admin_backend\\vendor\\illuminate\\database\\Eloquent\\Relations\\Concerns\\InteractsWithPivotTable.php(269): Illuminate\\Database\\Query\\Builder->insert(Array)
#5 C:\\Projects\\MRJG\\mrjg_admin_backend\\app\\Http\\Controllers\\TeacherController.php(64): Illuminate\\Database\\Eloquent\\Relations\\BelongsToMany->attach('4')
#6 C:\\Projects\\MRJG\\mrjg_admin_backend\\vendor\\illuminate\\container\\BoundMethod.php(36): App\\Http\\Controllers\\TeacherController->update('3', Object(Laravel\\Lumen\\Http\\Request))
#7 C:\\Projects\\MRJG\\mrjg_admin_backend\\vendor\\illuminate\\container\\Util.php(40): Illuminate\\Container\\BoundMethod::Illuminate\\Container\\{closure}()
#8 C:\\Projects\\MRJG\\mrjg_admin_backend\\vendor\\illuminate\\container\\BoundMethod.php(93): Illuminate\\Container\\Util::unwrapIfClosure(Object(Closure))
#9 C:\\Projects\\MRJG\\mrjg_admin_backend\\vendor\\illuminate\\container\\BoundMethod.php(37): Illuminate\\Container\\BoundMethod::callBoundMethod(Object(Laravel\\Lumen\\Application), Array, Object(Closure))
#10 C:\\Projects\\MRJG\\mrjg_admin_backend\\vendor\\illuminate\\container\\Container.php(611): Illuminate\\Container\\BoundMethod::call(Object(Laravel\\Lumen\\Application), Array, Array, NULL)
#11 C:\\Projects\\MRJG\\mrjg_admin_backend\\vendor\\laravel\\lumen-framework\\src\\Concerns\\RoutesRequests.php(386): Illuminate\\Container\\Container->call(Array, Array)
#12 C:\\Projects\\MRJG\\mrjg_admin_backend\\vendor\\laravel\\lumen-framework\\src\\Concerns\\RoutesRequests.php(352): Laravel\\Lumen\\Application->callControllerCallable(Array, Array)
#13 C:\\Projects\\MRJG\\mrjg_admin_backend\\vendor\\laravel\\lumen-framework\\src\\Concerns\\RoutesRequests.php(326): Laravel\\Lumen\\Application->callLumenController(Object(App\\Http\\Controllers\\TeacherController), 'update', Array)
#14 C:\\Projects\\MRJG\\mrjg_admin_backend\\vendor\\laravel\\lumen-framework\\src\\Concerns\\RoutesRequests.php(279): Laravel\\Lumen\\Application->callControllerAction(Array)
#15 C:\\Projects\\MRJG\\mrjg_admin_backend\\vendor\\laravel\\lumen-framework\\src\\Concerns\\RoutesRequests.php(264): Laravel\\Lumen\\Application->callActionOnArrayBasedRoute(Array)
#16 C:\\Projects\\MRJG\\mrjg_admin_backend\\vendor\\laravel\\lumen-framework\\src\\Concerns\\RoutesRequests.php(234): Laravel\\Lumen\\Application->handleFoundRoute(Array)
#17 C:\\Projects\\MRJG\\mrjg_admin_backend\\vendor\\laravel\\lumen-framework\\src\\Concerns\\RoutesRequests.php(170): Laravel\\Lumen\\Application->handleDispatcherResponse(Array)
#18 C:\\Projects\\MRJG\\mrjg_admin_backend\\vendor\\laravel\\lumen-framework\\src\\Routing\\Pipeline.php(48): Laravel\\Lumen\\Application->Laravel\\Lumen\\Concerns\\{closure}(Object(Laravel\\Lumen\\Http\\Request))
#19 C:\\Projects\\MRJG\\mrjg_admin_backend\\app\\Http\\Middleware\\CorsMiddleware.php(30): Laravel\\Lumen\\Routing\\Pipeline->Laravel\\Lumen\\Routing\\{closure}(Object(Laravel\\Lumen\\Http\\Request))
#20 C:\\Projects\\MRJG\\mrjg_admin_backend\\vendor\\illuminate\\pipeline\\Pipeline.php(167): App\\Http\\Middleware\\CorsMiddleware->handle(Object(Laravel\\Lumen\\Http\\Request), Object(Closure))
#21 C:\\Projects\\MRJG\\mrjg_admin_backend\\vendor\\laravel\\lumen-framework\\src\\Routing\\Pipeline.php(30): Illuminate\\Pipeline\\Pipeline->Illuminate\\Pipeline\\{closure}(Object(Laravel\\Lumen\\Http\\Request))
#22 C:\\Projects\\MRJG\\mrjg_admin_backend\\vendor\\illuminate\\pipeline\\Pipeline.php(103): Laravel\\Lumen\\Routing\\Pipeline->Laravel\\Lumen\\Routing\\{closure}(Object(Laravel\\Lumen\\Http\\Request))
#23 C:\\Projects\\MRJG\\mrjg_admin_backend\\vendor\\laravel\\lumen-framework\\src\\Concerns\\RoutesRequests.php(423): Illuminate\\Pipeline\\Pipeline->then(Object(Closure))
#24 C:\\Projects\\MRJG\\mrjg_admin_backend\\vendor\\laravel\\lumen-framework\\src\\Concerns\\RoutesRequests.php(172): Laravel\\Lumen\\Application->sendThroughPipeline(Array, Object(Closure))
#25 C:\\Projects\\MRJG\\mrjg_admin_backend\\vendor\\laravel\\lumen-framework\\src\\Concerns\\RoutesRequests.php(109): Laravel\\Lumen\\Application->dispatch(NULL)
#26 C:\\Projects\\MRJG\\mrjg_admin_backend\\public\\index.php(28): Laravel\\Lumen\\Application->run()
#27 {main}

[previous exception] [object] (PDOException(code: 23000): SQLSTATE[23000]: Integrity constraint violation: 1452 Cannot add or update a child row: a foreign key constraint fails (`mrjg_admin`.`teacher_classroom_relations`, CONSTRAINT `teacher_classroom_relations_classroom_id_foreign` FOREIGN KEY (`classroom_id`) REFERENCES `classrooms` (`id`)) at C:\\Projects\\MRJG\\mrjg_admin_backend\\vendor\\illuminate\\database\\Connection.php:471)
[stacktrace]
#0 C:\\Projects\\MRJG\\mrjg_admin_backend\\vendor\\illuminate\\database\\Connection.php(471): PDOStatement->execute()
#1 C:\\Projects\\MRJG\\mrjg_admin_backend\\vendor\\illuminate\\database\\Connection.php(671): Illuminate\\Database\\Connection->Illuminate\\Database\\{closure}('insert into `te...', Array)
#2 C:\\Projects\\MRJG\\mrjg_admin_backend\\vendor\\illuminate\\database\\Connection.php(638): Illuminate\\Database\\Connection->runQueryCallback('insert into `te...', Array, Object(Closure))
#3 C:\\Projects\\MRJG\\mrjg_admin_backend\\vendor\\illuminate\\database\\Connection.php(472): Illuminate\\Database\\Connection->run('insert into `te...', Array, Object(Closure))
#4 C:\\Projects\\MRJG\\mrjg_admin_backend\\vendor\\illuminate\\database\\Connection.php(424): Illuminate\\Database\\Connection->statement('insert into `te...', Array)
#5 C:\\Projects\\MRJG\\mrjg_admin_backend\\vendor\\illuminate\\database\\Query\\Builder.php(2838): Illuminate\\Database\\Connection->insert('insert into `te...', Array)
#6 C:\\Projects\\MRJG\\mrjg_admin_backend\\vendor\\illuminate\\database\\Eloquent\\Relations\\Concerns\\InteractsWithPivotTable.php(269): Illuminate\\Database\\Query\\Builder->insert(Array)
#7 C:\\Projects\\MRJG\\mrjg_admin_backend\\app\\Http\\Controllers\\TeacherController.php(64): Illuminate\\Database\\Eloquent\\Relations\\BelongsToMany->attach('4')
#8 C:\\Projects\\MRJG\\mrjg_admin_backend\\vendor\\illuminate\\container\\BoundMethod.php(36): App\\Http\\Controllers\\TeacherController->update('3', Object(Laravel\\Lumen\\Http\\Request))
#9 C:\\Projects\\MRJG\\mrjg_admin_backend\\vendor\\illuminate\\container\\Util.php(40): Illuminate\\Container\\BoundMethod::Illuminate\\Container\\{closure}()
#10 C:\\Projects\\MRJG\\mrjg_admin_backend\\vendor\\illuminate\\container\\BoundMethod.php(93): Illuminate\\Container\\Util::unwrapIfClosure(Object(Closure))
#11 C:\\Projects\\MRJG\\mrjg_admin_backend\\vendor\\illuminate\\container\\BoundMethod.php(37): Illuminate\\Container\\BoundMethod::callBoundMethod(Object(Laravel\\Lumen\\Application), Array, Object(Closure))
#12 C:\\Projects\\MRJG\\mrjg_admin_backend\\vendor\\illuminate\\container\\Container.php(611): Illuminate\\Container\\BoundMethod::call(Object(Laravel\\Lumen\\Application), Array, Array, NULL)
#13 C:\\Projects\\MRJG\\mrjg_admin_backend\\vendor\\laravel\\lumen-framework\\src\\Concerns\\RoutesRequests.php(386): Illuminate\\Container\\Container->call(Array, Array)
#14 C:\\Projects\\MRJG\\mrjg_admin_backend\\vendor\\laravel\\lumen-framework\\src\\Concerns\\RoutesRequests.php(352): Laravel\\Lumen\\Application->callControllerCallable(Array, Array)
#15 C:\\Projects\\MRJG\\mrjg_admin_backend\\vendor\\laravel\\lumen-framework\\src\\Concerns\\RoutesRequests.php(326): Laravel\\Lumen\\Application->callLumenController(Object(App\\Http\\Controllers\\TeacherController), 'update', Array)
#16 C:\\Projects\\MRJG\\mrjg_admin_backend\\vendor\\laravel\\lumen-framework\\src\\Concerns\\RoutesRequests.php(279): Laravel\\Lumen\\Application->callControllerAction(Array)
#17 C:\\Projects\\MRJG\\mrjg_admin_backend\\vendor\\laravel\\lumen-framework\\src\\Concerns\\RoutesRequests.php(264): Laravel\\Lumen\\Application->callActionOnArrayBasedRoute(Array)
#18 C:\\Projects\\MRJG\\mrjg_admin_backend\\vendor\\laravel\\lumen-framework\\src\\Concerns\\RoutesRequests.php(234): Laravel\\Lumen\\Application->handleFoundRoute(Array)
#19 C:\\Projects\\MRJG\\mrjg_admin_backend\\vendor\\laravel\\lumen-framework\\src\\Concerns\\RoutesRequests.php(170): Laravel\\Lumen\\Application->handleDispatcherResponse(Array)
#20 C:\\Projects\\MRJG\\mrjg_admin_backend\\vendor\\laravel\\lumen-framework\\src\\Routing\\Pipeline.php(48): Laravel\\Lumen\\Application->Laravel\\Lumen\\Concerns\\{closure}(Object(Laravel\\Lumen\\Http\\Request))
#21 C:\\Projects\\MRJG\\mrjg_admin_backend\\app\\Http\\Middleware\\CorsMiddleware.php(30): Laravel\\Lumen\\Routing\\Pipeline->Laravel\\Lumen\\Routing\\{closure}(Object(Laravel\\Lumen\\Http\\Request))
#22 C:\\Projects\\MRJG\\mrjg_admin_backend\\vendor\\illuminate\\pipeline\\Pipeline.php(167): App\\Http\\Middleware\\CorsMiddleware->handle(Object(Laravel\\Lumen\\Http\\Request), Object(Closure))
#23 C:\\Projects\\MRJG\\mrjg_admin_backend\\vendor\\laravel\\lumen-framework\\src\\Routing\\Pipeline.php(30): Illuminate\\Pipeline\\Pipeline->Illuminate\\Pipeline\\{closure}(Object(Laravel\\Lumen\\Http\\Request))
#24 C:\\Projects\\MRJG\\mrjg_admin_backend\\vendor\\illuminate\\pipeline\\Pipeline.php(103): Laravel\\Lumen\\Routing\\Pipeline->Laravel\\Lumen\\Routing\\{closure}(Object(Laravel\\Lumen\\Http\\Request))
#25 C:\\Projects\\MRJG\\mrjg_admin_backend\\vendor\\laravel\\lumen-framework\\src\\Concerns\\RoutesRequests.php(423): Illuminate\\Pipeline\\Pipeline->then(Object(Closure))
#26 C:\\Projects\\MRJG\\mrjg_admin_backend\\vendor\\laravel\\lumen-framework\\src\\Concerns\\RoutesRequests.php(172): Laravel\\Lumen\\Application->sendThroughPipeline(Array, Object(Closure))
#27 C:\\Projects\\MRJG\\mrjg_admin_backend\\vendor\\laravel\\lumen-framework\\src\\Concerns\\RoutesRequests.php(109): Laravel\\Lumen\\Application->dispatch(NULL)
#28 C:\\Projects\\MRJG\\mrjg_admin_backend\\public\\index.php(28): Laravel\\Lumen\\Application->run()
#29 {main}
"} 
[2021-05-11 05:00:13] local.ERROR: Use of undefined constant attach - assumed 'attach' (this will throw an Error in a future version of PHP) {"exception":"[object] (ErrorException(code: 0): Use of undefined constant attach - assumed 'attach' (this will throw an Error in a future version of PHP) at C:\\Projects\\MRJG\\mrjg_admin_backend\\app\\Http\\Controllers\\TeacherController.php:65)
[stacktrace]
#0 C:\\Projects\\MRJG\\mrjg_admin_backend\\app\\Http\\Controllers\\TeacherController.php(65): Laravel\\Lumen\\Application->Laravel\\Lumen\\Concerns\\{closure}(2, 'Use of undefine...', 'C:\\\\Projects\\\\MRJ...', 65, Array)
#1 C:\\Projects\\MRJG\\mrjg_admin_backend\\vendor\\illuminate\\container\\BoundMethod.php(36): App\\Http\\Controllers\\TeacherController->update('3', Object(Laravel\\Lumen\\Http\\Request))
#2 C:\\Projects\\MRJG\\mrjg_admin_backend\\vendor\\illuminate\\container\\Util.php(40): Illuminate\\Container\\BoundMethod::Illuminate\\Container\\{closure}()
#3 C:\\Projects\\MRJG\\mrjg_admin_backend\\vendor\\illuminate\\container\\BoundMethod.php(93): Illuminate\\Container\\Util::unwrapIfClosure(Object(Closure))
#4 C:\\Projects\\MRJG\\mrjg_admin_backend\\vendor\\illuminate\\container\\BoundMethod.php(37): Illuminate\\Container\\BoundMethod::callBoundMethod(Object(Laravel\\Lumen\\Application), Array, Object(Closure))
#5 C:\\Projects\\MRJG\\mrjg_admin_backend\\vendor\\illuminate\\container\\Container.php(611): Illuminate\\Container\\BoundMethod::call(Object(Laravel\\Lumen\\Application), Array, Array, NULL)
#6 C:\\Projects\\MRJG\\mrjg_admin_backend\\vendor\\laravel\\lumen-framework\\src\\Concerns\\RoutesRequests.php(386): Illuminate\\Container\\Container->call(Array, Array)
#7 C:\\Projects\\MRJG\\mrjg_admin_backend\\vendor\\laravel\\lumen-framework\\src\\Concerns\\RoutesRequests.php(352): Laravel\\Lumen\\Application->callControllerCallable(Array, Array)
#8 C:\\Projects\\MRJG\\mrjg_admin_backend\\vendor\\laravel\\lumen-framework\\src\\Concerns\\RoutesRequests.php(326): Laravel\\Lumen\\Application->callLumenController(Object(App\\Http\\Controllers\\TeacherController), 'update', Array)
#9 C:\\Projects\\MRJG\\mrjg_admin_backend\\vendor\\laravel\\lumen-framework\\src\\Concerns\\RoutesRequests.php(279): Laravel\\Lumen\\Application->callControllerAction(Array)
#10 C:\\Projects\\MRJG\\mrjg_admin_backend\\vendor\\laravel\\lumen-framework\\src\\Concerns\\RoutesRequests.php(264): Laravel\\Lumen\\Application->callActionOnArrayBasedRoute(Array)
#11 C:\\Projects\\MRJG\\mrjg_admin_backend\\vendor\\laravel\\lumen-framework\\src\\Concerns\\RoutesRequests.php(234): Laravel\\Lumen\\Application->handleFoundRoute(Array)
#12 C:\\Projects\\MRJG\\mrjg_admin_backend\\vendor\\laravel\\lumen-framework\\src\\Concerns\\RoutesRequests.php(170): Laravel\\Lumen\\Application->handleDispatcherResponse(Array)
#13 C:\\Projects\\MRJG\\mrjg_admin_backend\\vendor\\laravel\\lumen-framework\\src\\Routing\\Pipeline.php(48): Laravel\\Lumen\\Application->Laravel\\Lumen\\Concerns\\{closure}(Object(Laravel\\Lumen\\Http\\Request))
#14 C:\\Projects\\MRJG\\mrjg_admin_backend\\app\\Http\\Middleware\\CorsMiddleware.php(30): Laravel\\Lumen\\Routing\\Pipeline->Laravel\\Lumen\\Routing\\{closure}(Object(Laravel\\Lumen\\Http\\Request))
#15 C:\\Projects\\MRJG\\mrjg_admin_backend\\vendor\\illuminate\\pipeline\\Pipeline.php(167): App\\Http\\Middleware\\CorsMiddleware->handle(Object(Laravel\\Lumen\\Http\\Request), Object(Closure))
#16 C:\\Projects\\MRJG\\mrjg_admin_backend\\vendor\\laravel\\lumen-framework\\src\\Routing\\Pipeline.php(30): Illuminate\\Pipeline\\Pipeline->Illuminate\\Pipeline\\{closure}(Object(Laravel\\Lumen\\Http\\Request))
#17 C:\\Projects\\MRJG\\mrjg_admin_backend\\vendor\\illuminate\\pipeline\\Pipeline.php(103): Laravel\\Lumen\\Routing\\Pipeline->Laravel\\Lumen\\Routing\\{closure}(Object(Laravel\\Lumen\\Http\\Request))
#18 C:\\Projects\\MRJG\\mrjg_admin_backend\\vendor\\laravel\\lumen-framework\\src\\Concerns\\RoutesRequests.php(423): Illuminate\\Pipeline\\Pipeline->then(Object(Closure))
#19 C:\\Projects\\MRJG\\mrjg_admin_backend\\vendor\\laravel\\lumen-framework\\src\\Concerns\\RoutesRequests.php(172): Laravel\\Lumen\\Application->sendThroughPipeline(Array, Object(Closure))
#20 C:\\Projects\\MRJG\\mrjg_admin_backend\\vendor\\laravel\\lumen-framework\\src\\Concerns\\RoutesRequests.php(109): Laravel\\Lumen\\Application->dispatch(NULL)
#21 C:\\Projects\\MRJG\\mrjg_admin_backend\\public\\index.php(28): Laravel\\Lumen\\Application->run()
#22 {main}
"} 
